#
# There is insufficient memory for the Java Runtime Environment to continue.
# Native memory allocation (malloc) failed to allocate 1060816 bytes for Chunk::new
# Possible reasons:
#   The system is out of physical RAM or swap space
#   The process is running with CompressedOops enabled, and the Java Heap may be blocking the growth of the native heap
# Possible solutions:
#   Reduce memory load on the system
#   Increase physical memory or swap space
#   Check if swap backing store is full
#   Decrease Java heap size (-Xmx/-Xms)
#   Decrease number of Java threads
#   Decrease Java thread stack sizes (-Xss)
#   Set larger code cache with -XX:ReservedCodeCacheSize=
#   JVM is running with Unscaled Compressed Oops mode in which the Java heap is
#     placed in the first 4GB address space. The Java Heap base address is the
#     maximum limit for the native heap growth. Please use -XX:HeapBaseMinAddress
#     to set the Java Heap base and to place the Java Heap above 4GB virtual address.
# This output file may be truncated or incomplete.
#
#  Out of Memory Error (./src/hotspot/share/memory/arena.cpp:197), pid=12644, tid=13484
#
# JRE version: OpenJDK Runtime Environment (11.0.11+9) (build 11.0.11+9-b60-7590822)
# Java VM: OpenJDK 64-Bit Server VM (11.0.11+9-b60-7590822, mixed mode, tiered, compressed oops, g1 gc, windows-amd64)
# No core dump will be written. Minidumps are not enabled by default on client versions of Windows
#

---------------  S U M M A R Y ------------

Command Line: --add-opens=java.base/java.util=ALL-UNNAMED --add-opens=java.base/java.lang=ALL-UNNAMED --add-opens=java.base/java.lang.invoke=ALL-UNNAMED --add-opens=java.base/java.util=ALL-UNNAMED --add-opens=java.prefs/java.util.prefs=ALL-UNNAMED --add-opens=java.prefs/java.util.prefs=ALL-UNNAMED --add-opens=java.base/java.nio.charset=ALL-UNNAMED --add-opens=java.base/java.net=ALL-UNNAMED --add-opens=java.base/java.util.concurrent.atomic=ALL-UNNAMED -Xmx2048m -Dfile.encoding=UTF-8 -Duser.country=FR -Duser.language=fr -Duser.variant org.gradle.launcher.daemon.bootstrap.GradleDaemon 7.2

Host: Intel(R) Core(TM) i5-4200U CPU @ 1.60GHz, 4 cores, 3G,  Windows 10 , 64 bit Build 19041 (10.0.19041.1023)
Time: Wed May 18 23:23:35 2022 Afrique de l’Est elapsed time: 950.814540 seconds (0d 0h 15m 50s)

---------------  T H R E A D  ---------------

Current thread (0x000002417f7a6800):  JavaThread "C2 CompilerThread0" daemon [_thread_in_native, id=13484, stack(0x000000537e400000,0x000000537e500000)]


Current CompileTask:
C2: 950814 16017       4       org.gradle.internal.reflect.ClassInspector::inspectClass (179 bytes)

Stack: [0x000000537e400000,0x000000537e500000]
Native frames: (J=compiled Java code, j=interpreted, Vv=VM code, C=native code)
V  [jvm.dll+0x5f214a]
V  [jvm.dll+0x726fb5]
V  [jvm.dll+0x7285cd]
V  [jvm.dll+0x728c83]
V  [jvm.dll+0x243278]
V  [jvm.dll+0xbc53c]
V  [jvm.dll+0xbca3c]
V  [jvm.dll+0x353e3b]
V  [jvm.dll+0x19895c]
V  [jvm.dll+0x1fc2ee]
V  [jvm.dll+0x1fb3d4]
V  [jvm.dll+0x183d6c]
V  [jvm.dll+0x209a57]
V  [jvm.dll+0x2082a1]
V  [jvm.dll+0x6ef58f]
V  [jvm.dll+0x6e80b5]
V  [jvm.dll+0x5f1036]
C  [ucrtbase.dll+0x21bb2]
C  [KERNEL32.DLL+0x17034]
C  [ntdll.dll+0x52651]


---------------  P R O C E S S  ---------------

Threads class SMR info:
_java_thread_list=0x000002411f06a560, length=87, elements={
0x000002417c5c3800, 0x000002417f743800, 0x000002417f745000, 0x000002417f7a0000,
0x000002417f7a1000, 0x000002417f7a3000, 0x000002417f7a6800, 0x000002417f7ad000,
0x000002417f7b7000, 0x0000024116ca0000, 0x00000241176e0800, 0x0000024116f9f800,
0x000002411773f800, 0x0000024118395800, 0x0000024118396000, 0x0000024118399800,
0x0000024118398800, 0x0000024118397000, 0x0000024118398000, 0x000002411839a800,
0x000002411938c800, 0x000002411938b000, 0x000002411938e800, 0x000002411938f000,
0x000002411b609800, 0x000002411b608000, 0x000002411b602000, 0x000002411b608800,
0x000002411b604800, 0x000002411b607000, 0x000002411b605800, 0x000002411b606000,
0x000002411b603000, 0x000002411b604000, 0x000002411b610000, 0x000002411b60c000,
0x000002411b60c800, 0x000002411b60a800, 0x000002411b611000, 0x000002411b60b000,
0x000002411b60d800, 0x000002411b60e800, 0x000002411938c000, 0x0000024119389800,
0x0000024119392800, 0x0000024119393000, 0x0000024119394000, 0x0000024119391000,
0x0000024119395000, 0x0000024119395800, 0x0000024119390000, 0x0000024119397800,
0x0000024119396800, 0x0000024119391800, 0x0000024119398000, 0x0000024118393800,
0x0000024118394800, 0x0000024121c60800, 0x0000024121c5e800, 0x0000024121c64800,
0x0000024121c65000, 0x0000024121c61000, 0x0000024121c63800, 0x0000024121c5f800,
0x0000024121c67800, 0x0000024121c62000, 0x0000024121c66000, 0x0000024121c68800,
0x0000024121c62800, 0x0000024121c6b800, 0x0000024121c69000, 0x0000024121c6a000,
0x0000024121c6b000, 0x0000024121c6c800, 0x0000024121c67000, 0x0000024121c6d800,
0x000002411d820000, 0x000002411d81f800, 0x000002411d81a800, 0x000002411d821000,
0x000002411d81b800, 0x000002411d822000, 0x000002411d81e800, 0x000002411d81e000,
0x000002411d81c000, 0x000002411d81d000, 0x000002411d827800
}

Java Threads: ( => current thread )
  0x000002417c5c3800 JavaThread "main" [_thread_blocked, id=11344, stack(0x000000537d800000,0x000000537d900000)]
  0x000002417f743800 JavaThread "Reference Handler" daemon [_thread_blocked, id=5176, stack(0x000000537df00000,0x000000537e000000)]
  0x000002417f745000 JavaThread "Finalizer" daemon [_thread_blocked, id=11216, stack(0x000000537e000000,0x000000537e100000)]
  0x000002417f7a0000 JavaThread "Signal Dispatcher" daemon [_thread_blocked, id=3964, stack(0x000000537e100000,0x000000537e200000)]
  0x000002417f7a1000 JavaThread "Attach Listener" daemon [_thread_blocked, id=14068, stack(0x000000537e200000,0x000000537e300000)]
  0x000002417f7a3000 JavaThread "Service Thread" daemon [_thread_blocked, id=7144, stack(0x000000537e300000,0x000000537e400000)]
=>0x000002417f7a6800 JavaThread "C2 CompilerThread0" daemon [_thread_in_native, id=13484, stack(0x000000537e400000,0x000000537e500000)]
  0x000002417f7ad000 JavaThread "C1 CompilerThread0" daemon [_thread_blocked, id=12252, stack(0x000000537e500000,0x000000537e600000)]
  0x000002417f7b7000 JavaThread "Sweeper thread" daemon [_thread_blocked, id=15552, stack(0x000000537e600000,0x000000537e700000)]
  0x0000024116ca0000 JavaThread "Common-Cleaner" daemon [_thread_blocked, id=12952, stack(0x000000537e700000,0x000000537e800000)]
  0x00000241176e0800 JavaThread "Daemon health stats" [_thread_blocked, id=12832, stack(0x000000537ea00000,0x000000537eb00000)]
  0x0000024116f9f800 JavaThread "Incoming local TCP Connector on port 27360" [_thread_in_native, id=9492, stack(0x000000537eb00000,0x000000537ec00000)]
  0x000002411773f800 JavaThread "Daemon periodic checks" [_thread_blocked, id=4248, stack(0x000000537ec00000,0x000000537ed00000)]
  0x0000024118395800 JavaThread "Cache worker for journal cache (D:\etudes\gradle\caches\journal-1)" [_thread_blocked, id=15504, stack(0x000000537f600000,0x000000537f700000)]
  0x0000024118396000 JavaThread "File lock request listener" [_thread_in_native, id=10532, stack(0x000000537f700000,0x000000537f800000)]
  0x0000024118399800 JavaThread "Cache worker for file hash cache (D:\etudes\gradle\caches\7.2\fileHashes)" [_thread_blocked, id=13832, stack(0x000000537f800000,0x000000537f900000)]
  0x0000024118398800 JavaThread "File watcher server" daemon [_thread_in_native, id=12060, stack(0x000000537fa00000,0x000000537fb00000)]
  0x0000024118397000 JavaThread "File watcher consumer" daemon [_thread_blocked, id=2812, stack(0x000000537fb00000,0x000000537fc00000)]
  0x0000024118398000 JavaThread "jar transforms" [_thread_blocked, id=15000, stack(0x000000537fc00000,0x000000537fd00000)]
  0x000002411839a800 JavaThread "jar transforms Thread 2" [_thread_blocked, id=16196, stack(0x000000537fd00000,0x000000537fe00000)]
  0x000002411938c800 JavaThread "jar transforms Thread 3" [_thread_blocked, id=15856, stack(0x000000537fe00000,0x000000537ff00000)]
  0x000002411938b000 JavaThread "jar transforms Thread 4" [_thread_blocked, id=12476, stack(0x000000537ff00000,0x0000005380000000)]
  0x000002411938e800 JavaThread "Cache worker for execution history cache (D:\etudes\gradle\caches\7.2\executionHistory)" [_thread_blocked, id=6936, stack(0x0000005300300000,0x0000005300400000)]
  0x000002411938f000 JavaThread "Cache worker for file content cache (D:\etudes\gradle\caches\7.2\fileContent)" [_thread_blocked, id=10376, stack(0x0000005300400000,0x0000005300500000)]
  0x000002411b609800 JavaThread "Memory manager" [_thread_blocked, id=11160, stack(0x0000005303100000,0x0000005303200000)]
  0x000002411b608000 JavaThread "Daemon Thread 2" [_thread_blocked, id=10728, stack(0x0000005300000000,0x0000005300100000)]
  0x000002411b602000 JavaThread "Handler for socket connection from /127.0.0.1:27360 to /127.0.0.1:27391" [_thread_in_native, id=1936, stack(0x0000005300100000,0x0000005300200000)]
  0x000002411b608800 JavaThread "Cancel handler" [_thread_blocked, id=1668, stack(0x0000005300200000,0x0000005300300000)]
  0x000002411b604800 JavaThread "Daemon worker Thread 2" [_thread_in_native, id=15860, stack(0x0000005300500000,0x0000005300600000)]
  0x000002411b607000 JavaThread "Asynchronous log dispatcher for DefaultDaemonConnection: socket connection from /127.0.0.1:27360 to /127.0.0.1:27391" [_thread_blocked, id=15012, stack(0x0000005300600000,0x0000005300700000)]
  0x000002411b605800 JavaThread "Stdin handler" [_thread_blocked, id=15652, stack(0x0000005300700000,0x0000005300800000)]
  0x000002411b606000 JavaThread "Daemon client event forwarder" [_thread_blocked, id=2244, stack(0x0000005300800000,0x0000005300900000)]
  0x000002411b603000 JavaThread "Cache worker for file hash cache (D:\etudes\s7\mobile-android\projetAndroid\.gradle\7.2\fileHashes)" [_thread_blocked, id=15112, stack(0x0000005300900000,0x0000005300a00000)]
  0x000002411b604000 JavaThread "Cache worker for checksums cache (D:\etudes\s7\mobile-android\projetAndroid\.gradle\checksums)" [_thread_blocked, id=1384, stack(0x0000005300a00000,0x0000005300b00000)]
  0x000002411b610000 JavaThread "Cache worker for cache directory md-supplier (D:\etudes\gradle\caches\7.2\md-supplier)" [_thread_blocked, id=7256, stack(0x0000005300b00000,0x0000005300c00000)]
  0x000002411b60c000 JavaThread "Cache worker for cache directory md-rule (D:\etudes\gradle\caches\7.2\md-rule)" [_thread_blocked, id=15592, stack(0x0000005300c00000,0x0000005300d00000)]
  0x000002411b60c800 JavaThread "Cache worker for dependencies-accessors (D:\etudes\s7\mobile-android\projetAndroid\.gradle\7.2\dependencies-accessors)" [_thread_blocked, id=3208, stack(0x0000005300d00000,0x0000005300e00000)]
  0x000002411b60a800 JavaThread "Cache worker for Build Output Cleanup Cache (D:\etudes\s7\mobile-android\projetAndroid\.gradle\buildOutputCleanup)" [_thread_blocked, id=8600, stack(0x0000005300e00000,0x0000005300f00000)]
  0x000002411b611000 JavaThread "Unconstrained build operations" [_thread_blocked, id=11624, stack(0x0000005300f00000,0x0000005301000000)]
  0x000002411b60b000 JavaThread "Unconstrained build operations Thread 2" [_thread_blocked, id=13612, stack(0x0000005301000000,0x0000005301100000)]
  0x000002411b60d800 JavaThread "Unconstrained build operations Thread 3" [_thread_blocked, id=4392, stack(0x0000005301100000,0x0000005301200000)]
  0x000002411b60e800 JavaThread "Unconstrained build operations Thread 4" [_thread_blocked, id=16124, stack(0x0000005301200000,0x0000005301300000)]
  0x000002411938c000 JavaThread "Unconstrained build operations Thread 5" [_thread_blocked, id=11440, stack(0x0000005301300000,0x0000005301400000)]
  0x0000024119389800 JavaThread "Unconstrained build operations Thread 6" [_thread_blocked, id=15204, stack(0x0000005301400000,0x0000005301500000)]
  0x0000024119392800 JavaThread "Unconstrained build operations Thread 7" [_thread_blocked, id=15088, stack(0x0000005301500000,0x0000005301600000)]
  0x0000024119393000 JavaThread "Unconstrained build operations Thread 8" [_thread_blocked, id=10776, stack(0x0000005301600000,0x0000005301700000)]
  0x0000024119394000 JavaThread "Unconstrained build operations Thread 9" [_thread_blocked, id=13496, stack(0x0000005301700000,0x0000005301800000)]
  0x0000024119391000 JavaThread "Unconstrained build operations Thread 10" [_thread_blocked, id=15716, stack(0x0000005301800000,0x0000005301900000)]
  0x0000024119395000 JavaThread "Unconstrained build operations Thread 11" [_thread_blocked, id=14672, stack(0x0000005301900000,0x0000005301a00000)]
  0x0000024119395800 JavaThread "Unconstrained build operations Thread 12" [_thread_blocked, id=13124, stack(0x0000005301a00000,0x0000005301b00000)]
  0x0000024119390000 JavaThread "Unconstrained build operations Thread 13" [_thread_blocked, id=1612, stack(0x0000005301b00000,0x0000005301c00000)]
  0x0000024119397800 JavaThread "Unconstrained build operations Thread 14" [_thread_blocked, id=4640, stack(0x0000005301c00000,0x0000005301d00000)]
  0x0000024119396800 JavaThread "Unconstrained build operations Thread 15" [_thread_blocked, id=8516, stack(0x0000005301d00000,0x0000005301e00000)]
  0x0000024119391800 JavaThread "Unconstrained build operations Thread 16" [_thread_blocked, id=648, stack(0x0000005301e00000,0x0000005301f00000)]
  0x0000024119398000 JavaThread "Unconstrained build operations Thread 17" [_thread_blocked, id=13536, stack(0x0000005301f00000,0x0000005302000000)]
  0x0000024118393800 JavaThread "Unconstrained build operations Thread 18" [_thread_blocked, id=2240, stack(0x0000005302000000,0x0000005302100000)]
  0x0000024118394800 JavaThread "Unconstrained build operations Thread 19" [_thread_blocked, id=6352, stack(0x0000005302100000,0x0000005302200000)]
  0x0000024121c60800 JavaThread "Unconstrained build operations Thread 20" [_thread_blocked, id=12436, stack(0x0000005302200000,0x0000005302300000)]
  0x0000024121c5e800 JavaThread "Unconstrained build operations Thread 21" [_thread_blocked, id=10088, stack(0x0000005302300000,0x0000005302400000)]
  0x0000024121c64800 JavaThread "Unconstrained build operations Thread 22" [_thread_blocked, id=952, stack(0x0000005302400000,0x0000005302500000)]
  0x0000024121c65000 JavaThread "Unconstrained build operations Thread 23" [_thread_blocked, id=16272, stack(0x0000005302500000,0x0000005302600000)]
  0x0000024121c61000 JavaThread "Unconstrained build operations Thread 24" [_thread_blocked, id=11372, stack(0x0000005302600000,0x0000005302700000)]
  0x0000024121c63800 JavaThread "Unconstrained build operations Thread 25" [_thread_blocked, id=5248, stack(0x0000005302700000,0x0000005302800000)]
  0x0000024121c5f800 JavaThread "Unconstrained build operations Thread 26" [_thread_blocked, id=4216, stack(0x0000005302800000,0x0000005302900000)]
  0x0000024121c67800 JavaThread "Unconstrained build operations Thread 27" [_thread_blocked, id=2656, stack(0x0000005302900000,0x0000005302a00000)]
  0x0000024121c62000 JavaThread "Unconstrained build operations Thread 28" [_thread_blocked, id=15272, stack(0x0000005302a00000,0x0000005302b00000)]
  0x0000024121c66000 JavaThread "Unconstrained build operations Thread 29" [_thread_blocked, id=14652, stack(0x0000005302b00000,0x0000005302c00000)]
  0x0000024121c68800 JavaThread "Unconstrained build operations Thread 30" [_thread_blocked, id=16324, stack(0x0000005302c00000,0x0000005302d00000)]
  0x0000024121c62800 JavaThread "Unconstrained build operations Thread 31" [_thread_blocked, id=6004, stack(0x0000005302d00000,0x0000005302e00000)]
  0x0000024121c6b800 JavaThread "Unconstrained build operations Thread 32" [_thread_blocked, id=14184, stack(0x0000005302e00000,0x0000005302f00000)]
  0x0000024121c69000 JavaThread "Unconstrained build operations Thread 33" [_thread_blocked, id=16368, stack(0x0000005303200000,0x0000005303300000)]
  0x0000024121c6a000 JavaThread "Unconstrained build operations Thread 34" [_thread_blocked, id=5008, stack(0x0000005303300000,0x0000005303400000)]
  0x0000024121c6b000 JavaThread "Unconstrained build operations Thread 35" [_thread_blocked, id=15532, stack(0x0000005303400000,0x0000005303500000)]
  0x0000024121c6c800 JavaThread "Unconstrained build operations Thread 36" [_thread_blocked, id=11952, stack(0x0000005303500000,0x0000005303600000)]
  0x0000024121c67000 JavaThread "Unconstrained build operations Thread 37" [_thread_blocked, id=12724, stack(0x0000005303600000,0x0000005303700000)]
  0x0000024121c6d800 JavaThread "Unconstrained build operations Thread 38" [_thread_blocked, id=5184, stack(0x0000005303700000,0x0000005303800000)]
  0x000002411d820000 JavaThread "Unconstrained build operations Thread 39" [_thread_blocked, id=924, stack(0x0000005303800000,0x0000005303900000)]
  0x000002411d81f800 JavaThread "Unconstrained build operations Thread 40" [_thread_blocked, id=15084, stack(0x0000005303900000,0x0000005303a00000)]
  0x000002411d81a800 JavaThread "build event listener" [_thread_blocked, id=4256, stack(0x0000005303a00000,0x0000005303b00000)]
  0x000002411d821000 JavaThread "Execution worker for ':'" [_thread_blocked, id=10200, stack(0x0000005303b00000,0x0000005303c00000)]
  0x000002411d81b800 JavaThread "Execution worker for ':' Thread 2" [_thread_in_Java, id=15792, stack(0x0000005303c00000,0x0000005303d00000)]
  0x000002411d822000 JavaThread "Execution worker for ':' Thread 3" [_thread_blocked, id=15812, stack(0x0000005303d00000,0x0000005303e00000)]
  0x000002411d81e800 JavaThread "Cache worker for execution history cache (D:\etudes\s7\mobile-android\projetAndroid\.gradle\7.2\executionHistory)" [_thread_blocked, id=15808, stack(0x0000005303e00000,0x0000005303f00000)]
  0x000002411d81e000 JavaThread "WorkerExecutor Queue" [_thread_blocked, id=12500, stack(0x0000005303f00000,0x0000005304000000)]
  0x000002411d81c000 JavaThread "WorkerExecutor Queue Thread 2" [_thread_blocked, id=2872, stack(0x0000005304000000,0x0000005304100000)]
  0x000002411d81d000 JavaThread "WorkerExecutor Queue Thread 3" [_thread_in_vm, id=3052, stack(0x0000005304100000,0x0000005304200000)]
  0x000002411d827800 JavaThread "WorkerExecutor Queue Thread 4" [_thread_blocked, id=8436, stack(0x0000005304200000,0x0000005304300000)]

Other Threads:
  0x000002417f741800 VMThread "VM Thread" [stack: 0x000000537de00000,0x000000537df00000] [id=16376]
  0x0000024116cc8800 WatcherThread [stack: 0x000000537e800000,0x000000537e900000] [id=340]
  0x000002417c5db800 GCTaskThread "GC Thread#0" [stack: 0x000000537d900000,0x000000537da00000] [id=12400]
  0x0000024116e35800 GCTaskThread "GC Thread#1" [stack: 0x000000537e900000,0x000000537ea00000] [id=14236]
  0x0000024118c5d800 GCTaskThread "GC Thread#2" [stack: 0x000000537f400000,0x000000537f500000] [id=4020]
  0x000002411829b800 GCTaskThread "GC Thread#3" [stack: 0x000000537f500000,0x000000537f600000] [id=5276]
  0x000002417c60c800 ConcurrentGCThread "G1 Main Marker" [stack: 0x000000537da00000,0x000000537db00000] [id=10800]
  0x000002417c60e000 ConcurrentGCThread "G1 Conc#0" [stack: 0x000000537db00000,0x000000537dc00000] [id=13800]
  0x000002417c655000 ConcurrentGCThread "G1 Refine#0" [stack: 0x000000537dc00000,0x000000537dd00000] [id=16356]
  0x000002417c656000 ConcurrentGCThread "G1 Young RemSet Sampling" [stack: 0x000000537dd00000,0x000000537de00000] [id=14928]

Threads with active compile tasks:
C2 CompilerThread0 950937 16017       4       org.gradle.internal.reflect.ClassInspector::inspectClass (179 bytes)

VM state:not at safepoint (normal execution)

VM Mutex/Monitor currently owned by a thread: None

Heap address: 0x0000000080000000, size: 2048 MB, Compressed Oops mode: 32-bit
Narrow klass base: 0x0000000000000000, Narrow klass shift: 3
Compressed class space size: 1073741824 Address: 0x0000000100000000

Heap:
 garbage-first heap   total 250880K, used 145173K [0x0000000080000000, 0x0000000100000000)
  region size 1024K, 13 young (13312K), 6 survivors (6144K)
 Metaspace       used 113177K, capacity 116294K, committed 116480K, reserved 1150976K
  class space    used 14168K, capacity 15306K, committed 15360K, reserved 1048576K
Heap Regions: E=young(eden), S=young(survivor), O=old, HS=humongous(starts), HC=humongous(continues), CS=collection set, F=free, A=archive, TAMS=top-at-mark-start (previous, next)
|   0|0x0000000080000000, 0x0000000080100000, 0x0000000080100000|100%| O|  |TAMS 0x0000000080100000, 0x0000000080000000| Complete 
|   1|0x0000000080100000, 0x0000000080200000, 0x0000000080200000|100%| O|  |TAMS 0x0000000080200000, 0x0000000080100000| Untracked 
|   2|0x0000000080200000, 0x0000000080300000, 0x0000000080300000|100%| O|  |TAMS 0x0000000080300000, 0x0000000080200000| Untracked 
|   3|0x0000000080300000, 0x0000000080400000, 0x0000000080400000|100%|HS|  |TAMS 0x0000000080400000, 0x0000000080300000| Complete 
|   4|0x0000000080400000, 0x0000000080500000, 0x0000000080500000|100%|HC|  |TAMS 0x0000000080500000, 0x0000000080400000| Complete 
|   5|0x0000000080500000, 0x0000000080600000, 0x0000000080600000|100%|HC|  |TAMS 0x0000000080600000, 0x0000000080500000| Complete 
|   6|0x0000000080600000, 0x0000000080700000, 0x0000000080700000|100%| O|  |TAMS 0x0000000080700000, 0x0000000080600000| Untracked 
|   7|0x0000000080700000, 0x0000000080800000, 0x0000000080800000|100%| O|  |TAMS 0x0000000080800000, 0x0000000080700000| Untracked 
|   8|0x0000000080800000, 0x0000000080900000, 0x0000000080900000|100%| O|  |TAMS 0x0000000080900000, 0x0000000080800000| Untracked 
|   9|0x0000000080900000, 0x0000000080a00000, 0x0000000080a00000|100%| O|  |TAMS 0x0000000080a00000, 0x0000000080900000| Untracked 
|  10|0x0000000080a00000, 0x0000000080b00000, 0x0000000080b00000|100%| O|  |TAMS 0x0000000080b00000, 0x0000000080a00000| Untracked 
|  11|0x0000000080b00000, 0x0000000080c00000, 0x0000000080c00000|100%| O|  |TAMS 0x0000000080c00000, 0x0000000080b00000| Untracked 
|  12|0x0000000080c00000, 0x0000000080d00000, 0x0000000080d00000|100%| O|  |TAMS 0x0000000080d00000, 0x0000000080c00000| Untracked 
|  13|0x0000000080d00000, 0x0000000080e00000, 0x0000000080e00000|100%| O|  |TAMS 0x0000000080e00000, 0x0000000080d00000| Complete 
|  14|0x0000000080e00000, 0x0000000080f00000, 0x0000000080f00000|100%| O|  |TAMS 0x0000000080f00000, 0x0000000080e00000| Untracked 
|  15|0x0000000080f00000, 0x0000000081000000, 0x0000000081000000|100%| O|  |TAMS 0x0000000081000000, 0x0000000080f00000| Untracked 
|  16|0x0000000081000000, 0x0000000081100000, 0x0000000081100000|100%| O|  |TAMS 0x0000000081100000, 0x0000000081000000| Complete 
|  17|0x0000000081100000, 0x0000000081200000, 0x0000000081200000|100%|HS|  |TAMS 0x0000000081200000, 0x0000000081100000| Complete 
|  18|0x0000000081200000, 0x0000000081300000, 0x0000000081300000|100%|HC|  |TAMS 0x0000000081300000, 0x0000000081200000| Complete 
|  19|0x0000000081300000, 0x0000000081400000, 0x0000000081400000|100%|HS|  |TAMS 0x0000000081400000, 0x0000000081300000| Complete 
|  20|0x0000000081400000, 0x0000000081500000, 0x0000000081500000|100%|HC|  |TAMS 0x0000000081500000, 0x0000000081400000| Complete 
|  21|0x0000000081500000, 0x0000000081600000, 0x0000000081600000|100%|HC|  |TAMS 0x0000000081600000, 0x0000000081500000| Complete 
|  22|0x0000000081600000, 0x0000000081700000, 0x0000000081700000|100%|HS|  |TAMS 0x0000000081700000, 0x0000000081600000| Complete 
|  23|0x0000000081700000, 0x0000000081800000, 0x0000000081800000|100%|HC|  |TAMS 0x0000000081800000, 0x0000000081700000| Complete 
|  24|0x0000000081800000, 0x0000000081900000, 0x0000000081900000|100%|HC|  |TAMS 0x0000000081900000, 0x0000000081800000| Complete 
|  25|0x0000000081900000, 0x0000000081a00000, 0x0000000081a00000|100%|HC|  |TAMS 0x0000000081a00000, 0x0000000081900000| Complete 
|  26|0x0000000081a00000, 0x0000000081b00000, 0x0000000081b00000|100%| O|  |TAMS 0x0000000081b00000, 0x0000000081a00000| Untracked 
|  27|0x0000000081b00000, 0x0000000081c00000, 0x0000000081c00000|100%| O|  |TAMS 0x0000000081c00000, 0x0000000081b00000| Complete 
|  28|0x0000000081c00000, 0x0000000081d00000, 0x0000000081d00000|100%| O|  |TAMS 0x0000000081d00000, 0x0000000081c00000| Untracked 
|  29|0x0000000081d00000, 0x0000000081e00000, 0x0000000081e00000|100%| O|  |TAMS 0x0000000081e00000, 0x0000000081d00000| Untracked 
|  30|0x0000000081e00000, 0x0000000081f00000, 0x0000000081f00000|100%| O|  |TAMS 0x0000000081f00000, 0x0000000081e00000| Complete 
|  31|0x0000000081f00000, 0x0000000082000000, 0x0000000082000000|100%| O|  |TAMS 0x0000000082000000, 0x0000000081f00000| Untracked 
|  32|0x0000000082000000, 0x0000000082100000, 0x0000000082100000|100%| O|  |TAMS 0x0000000082100000, 0x0000000082000000| Untracked 
|  33|0x0000000082100000, 0x0000000082200000, 0x0000000082200000|100%| O|  |TAMS 0x0000000082200000, 0x0000000082100000| Complete 
|  34|0x0000000082200000, 0x0000000082300000, 0x0000000082300000|100%| O|  |TAMS 0x0000000082300000, 0x0000000082200000| Untracked 
|  35|0x0000000082300000, 0x0000000082400000, 0x0000000082400000|100%| O|  |TAMS 0x0000000082400000, 0x0000000082300000| Complete 
|  36|0x0000000082400000, 0x0000000082400000, 0x0000000082500000|  0%| F|  |TAMS 0x0000000082400000, 0x0000000082400000| Untracked 
|  37|0x0000000082500000, 0x0000000082600000, 0x0000000082600000|100%| O|  |TAMS 0x0000000082600000, 0x0000000082500000| Complete 
|  38|0x0000000082600000, 0x0000000082700000, 0x0000000082700000|100%| O|  |TAMS 0x0000000082700000, 0x0000000082600000| Untracked 
|  39|0x0000000082700000, 0x0000000082800000, 0x0000000082800000|100%| O|  |TAMS 0x0000000082800000, 0x0000000082700000| Complete 
|  40|0x0000000082800000, 0x0000000082900000, 0x0000000082900000|100%| O|  |TAMS 0x0000000082900000, 0x0000000082800000| Complete 
|  41|0x0000000082900000, 0x0000000082a00000, 0x0000000082a00000|100%| O|  |TAMS 0x0000000082a00000, 0x0000000082900000| Complete 
|  42|0x0000000082a00000, 0x0000000082b00000, 0x0000000082b00000|100%|HS|  |TAMS 0x0000000082b00000, 0x0000000082a00000| Complete 
|  43|0x0000000082b00000, 0x0000000082c00000, 0x0000000082c00000|100%|HC|  |TAMS 0x0000000082c00000, 0x0000000082b00000| Complete 
|  44|0x0000000082c00000, 0x0000000082d00000, 0x0000000082d00000|100%|HC|  |TAMS 0x0000000082d00000, 0x0000000082c00000| Complete 
|  45|0x0000000082d00000, 0x0000000082e00000, 0x0000000082e00000|100%| O|  |TAMS 0x0000000082e00000, 0x0000000082d00000| Untracked 
|  46|0x0000000082e00000, 0x0000000082f00000, 0x0000000082f00000|100%| O|  |TAMS 0x0000000082f00000, 0x0000000082e00000| Untracked 
|  47|0x0000000082f00000, 0x0000000083000000, 0x0000000083000000|100%| O|  |TAMS 0x0000000083000000, 0x0000000082f00000| Complete 
|  48|0x0000000083000000, 0x0000000083100000, 0x0000000083100000|100%| O|  |TAMS 0x0000000083100000, 0x0000000083000000| Complete 
|  49|0x0000000083100000, 0x0000000083200000, 0x0000000083200000|100%| O|  |TAMS 0x0000000083200000, 0x0000000083100000| Untracked 
|  50|0x0000000083200000, 0x0000000083300000, 0x0000000083300000|100%| O|  |TAMS 0x0000000083300000, 0x0000000083200000| Complete 
|  51|0x0000000083300000, 0x0000000083400000, 0x0000000083400000|100%| O|  |TAMS 0x0000000083400000, 0x0000000083300000| Complete 
|  52|0x0000000083400000, 0x0000000083500000, 0x0000000083500000|100%|HS|  |TAMS 0x0000000083500000, 0x0000000083400000| Complete 
|  53|0x0000000083500000, 0x0000000083600000, 0x0000000083600000|100%|HC|  |TAMS 0x0000000083600000, 0x0000000083500000| Complete 
|  54|0x0000000083600000, 0x0000000083700000, 0x0000000083700000|100%|HC|  |TAMS 0x0000000083700000, 0x0000000083600000| Complete 
|  55|0x0000000083700000, 0x0000000083800000, 0x0000000083800000|100%|HC|  |TAMS 0x0000000083800000, 0x0000000083700000| Complete 
|  56|0x0000000083800000, 0x0000000083900000, 0x0000000083900000|100%|HS|  |TAMS 0x0000000083900000, 0x0000000083800000| Complete 
|  57|0x0000000083900000, 0x0000000083a00000, 0x0000000083a00000|100%|HS|  |TAMS 0x0000000083a00000, 0x0000000083900000| Complete 
|  58|0x0000000083a00000, 0x0000000083b00000, 0x0000000083b00000|100%|HS|  |TAMS 0x0000000083b00000, 0x0000000083a00000| Complete 
|  59|0x0000000083b00000, 0x0000000083c00000, 0x0000000083c00000|100%| O|  |TAMS 0x0000000083c00000, 0x0000000083b00000| Untracked 
|  60|0x0000000083c00000, 0x0000000083d00000, 0x0000000083d00000|100%| O|  |TAMS 0x0000000083d00000, 0x0000000083c00000| Untracked 
|  61|0x0000000083d00000, 0x0000000083e00000, 0x0000000083e00000|100%|HS|  |TAMS 0x0000000083e00000, 0x0000000083d00000| Complete 
|  62|0x0000000083e00000, 0x0000000083f00000, 0x0000000083f00000|100%|HC|  |TAMS 0x0000000083f00000, 0x0000000083e00000| Complete 
|  63|0x0000000083f00000, 0x0000000084000000, 0x0000000084000000|100%| O|  |TAMS 0x0000000084000000, 0x0000000083f00000| Untracked 
|  64|0x0000000084000000, 0x0000000084100000, 0x0000000084100000|100%| O|  |TAMS 0x0000000084100000, 0x0000000084000000| Untracked 
|  65|0x0000000084100000, 0x0000000084100000, 0x0000000084200000|  0%| F|  |TAMS 0x0000000084100000, 0x0000000084100000| Untracked 
|  66|0x0000000084200000, 0x0000000084300000, 0x0000000084300000|100%| O|  |TAMS 0x0000000084300000, 0x0000000084200000| Complete 
|  67|0x0000000084300000, 0x0000000084400000, 0x0000000084400000|100%| O|  |TAMS 0x0000000084400000, 0x0000000084300000| Untracked 
|  68|0x0000000084400000, 0x0000000084500000, 0x0000000084500000|100%| O|  |TAMS 0x0000000084500000, 0x0000000084400000| Untracked 
|  69|0x0000000084500000, 0x0000000084600000, 0x0000000084600000|100%| O|  |TAMS 0x0000000084600000, 0x0000000084500000| Untracked 
|  70|0x0000000084600000, 0x0000000084700000, 0x0000000084700000|100%| O|  |TAMS 0x0000000084700000, 0x0000000084600000| Untracked 
|  71|0x0000000084700000, 0x0000000084800000, 0x0000000084800000|100%| O|  |TAMS 0x0000000084800000, 0x0000000084700000| Untracked 
|  72|0x0000000084800000, 0x0000000084900000, 0x0000000084900000|100%| O|  |TAMS 0x0000000084900000, 0x0000000084800000| Complete 
|  73|0x0000000084900000, 0x0000000084a00000, 0x0000000084a00000|100%| O|  |TAMS 0x0000000084a00000, 0x0000000084900000| Complete 
|  74|0x0000000084a00000, 0x0000000084b00000, 0x0000000084b00000|100%| O|  |TAMS 0x0000000084b00000, 0x0000000084a00000| Complete 
|  75|0x0000000084b00000, 0x0000000084c00000, 0x0000000084c00000|100%| O|  |TAMS 0x0000000084c00000, 0x0000000084b00000| Untracked 
|  76|0x0000000084c00000, 0x0000000084d00000, 0x0000000084d00000|100%| O|  |TAMS 0x0000000084d00000, 0x0000000084c00000| Complete 
|  77|0x0000000084d00000, 0x0000000084e00000, 0x0000000084e00000|100%| O|  |TAMS 0x0000000084e00000, 0x0000000084d00000| Untracked 
|  78|0x0000000084e00000, 0x0000000084f00000, 0x0000000084f00000|100%| O|  |TAMS 0x0000000084f00000, 0x0000000084e00000| Untracked 
|  79|0x0000000084f00000, 0x0000000085000000, 0x0000000085000000|100%| O|  |TAMS 0x0000000085000000, 0x0000000084f00000| Untracked 
|  80|0x0000000085000000, 0x0000000085100000, 0x0000000085100000|100%| O|  |TAMS 0x0000000085100000, 0x0000000085000000| Complete 
|  81|0x0000000085100000, 0x0000000085200000, 0x0000000085200000|100%| O|  |TAMS 0x0000000085200000, 0x0000000085100000| Untracked 
|  82|0x0000000085200000, 0x0000000085300000, 0x0000000085300000|100%| O|  |TAMS 0x0000000085300000, 0x0000000085200000| Untracked 
|  83|0x0000000085300000, 0x0000000085400000, 0x0000000085400000|100%| O|  |TAMS 0x0000000085400000, 0x0000000085300000| Untracked 
|  84|0x0000000085400000, 0x0000000085500000, 0x0000000085500000|100%| O|  |TAMS 0x0000000085500000, 0x0000000085400000| Complete 
|  85|0x0000000085500000, 0x0000000085600000, 0x0000000085600000|100%|HS|  |TAMS 0x0000000085600000, 0x0000000085500000| Complete 
|  86|0x0000000085600000, 0x0000000085700000, 0x0000000085700000|100%|HC|  |TAMS 0x0000000085700000, 0x0000000085600000| Complete 
|  87|0x0000000085700000, 0x0000000085800000, 0x0000000085800000|100%|HS|  |TAMS 0x0000000085800000, 0x0000000085700000| Complete 
|  88|0x0000000085800000, 0x0000000085900000, 0x0000000085900000|100%|HC|  |TAMS 0x0000000085900000, 0x0000000085800000| Complete 
|  89|0x0000000085900000, 0x0000000085a00000, 0x0000000085a00000|100%|HC|  |TAMS 0x0000000085a00000, 0x0000000085900000| Complete 
|  90|0x0000000085a00000, 0x0000000085b00000, 0x0000000085b00000|100%| O|  |TAMS 0x0000000085b00000, 0x0000000085a00000| Complete 
|  91|0x0000000085b00000, 0x0000000085c00000, 0x0000000085c00000|100%| O|  |TAMS 0x0000000085c00000, 0x0000000085b00000| Complete 
|  92|0x0000000085c00000, 0x0000000085d00000, 0x0000000085d00000|100%|HS|  |TAMS 0x0000000085d00000, 0x0000000085c00000| Complete 
|  93|0x0000000085d00000, 0x0000000085e00000, 0x0000000085e00000|100%|HC|  |TAMS 0x0000000085e00000, 0x0000000085d00000| Complete 
|  94|0x0000000085e00000, 0x0000000085f00000, 0x0000000085f00000|100%|HC|  |TAMS 0x0000000085f00000, 0x0000000085e00000| Complete 
|  95|0x0000000085f00000, 0x0000000086000000, 0x0000000086000000|100%|HC|  |TAMS 0x0000000086000000, 0x0000000085f00000| Complete 
|  96|0x0000000086000000, 0x0000000086000000, 0x0000000086100000|  0%| F|  |TAMS 0x0000000086000000, 0x0000000086000000| Untracked 
|  97|0x0000000086100000, 0x0000000086100000, 0x0000000086200000|  0%| F|  |TAMS 0x0000000086100000, 0x0000000086100000| Untracked 
|  98|0x0000000086200000, 0x0000000086300000, 0x0000000086300000|100%| O|  |TAMS 0x0000000086300000, 0x0000000086200000| Untracked 
|  99|0x0000000086300000, 0x0000000086400000, 0x0000000086400000|100%| O|  |TAMS 0x0000000086400000, 0x0000000086300000| Untracked 
| 100|0x0000000086400000, 0x0000000086500000, 0x0000000086500000|100%| O|  |TAMS 0x0000000086500000, 0x0000000086400000| Complete 
| 101|0x0000000086500000, 0x0000000086500000, 0x0000000086600000|  0%| F|  |TAMS 0x0000000086500000, 0x0000000086500000| Untracked 
| 102|0x0000000086600000, 0x0000000086700000, 0x0000000086700000|100%| O|  |TAMS 0x0000000086700000, 0x0000000086600000| Complete 
| 103|0x0000000086700000, 0x0000000086800000, 0x0000000086800000|100%| O|  |TAMS 0x0000000086800000, 0x0000000086700000| Untracked 
| 104|0x0000000086800000, 0x0000000086900000, 0x0000000086900000|100%| O|  |TAMS 0x0000000086900000, 0x0000000086800000| Untracked 
| 105|0x0000000086900000, 0x0000000086a00000, 0x0000000086a00000|100%| O|  |TAMS 0x0000000086a00000, 0x0000000086900000| Untracked 
| 106|0x0000000086a00000, 0x0000000086b00000, 0x0000000086b00000|100%| O|  |TAMS 0x0000000086b00000, 0x0000000086a00000| Complete 
| 107|0x0000000086b00000, 0x0000000086c00000, 0x0000000086c00000|100%| O|  |TAMS 0x0000000086c00000, 0x0000000086b00000| Complete 
| 108|0x0000000086c00000, 0x0000000086d00000, 0x0000000086d00000|100%| O|  |TAMS 0x0000000086d00000, 0x0000000086c00000| Complete 
| 109|0x0000000086d00000, 0x0000000086e00000, 0x0000000086e00000|100%| O|  |TAMS 0x0000000086e00000, 0x0000000086d00000| Complete 
| 110|0x0000000086e00000, 0x0000000086f00000, 0x0000000086f00000|100%| O|  |TAMS 0x0000000086f00000, 0x0000000086e00000| Untracked 
| 111|0x0000000086f00000, 0x0000000087000000, 0x0000000087000000|100%| O|  |TAMS 0x0000000087000000, 0x0000000086f00000| Untracked 
| 112|0x0000000087000000, 0x0000000087100000, 0x0000000087100000|100%| O|  |TAMS 0x0000000087100000, 0x0000000087000000| Complete 
| 113|0x0000000087100000, 0x0000000087200000, 0x0000000087200000|100%| O|  |TAMS 0x0000000087200000, 0x0000000087100000| Complete 
| 114|0x0000000087200000, 0x0000000087200000, 0x0000000087300000|  0%| F|  |TAMS 0x0000000087200000, 0x0000000087200000| Untracked 
| 115|0x0000000087300000, 0x0000000087300000, 0x0000000087400000|  0%| F|  |TAMS 0x0000000087300000, 0x0000000087300000| Untracked 
| 116|0x0000000087400000, 0x0000000087500000, 0x0000000087500000|100%| O|  |TAMS 0x0000000087500000, 0x0000000087400000| Complete 
| 117|0x0000000087500000, 0x0000000087600000, 0x0000000087600000|100%| O|  |TAMS 0x0000000087600000, 0x0000000087500000| Untracked 
| 118|0x0000000087600000, 0x0000000087700000, 0x0000000087700000|100%| O|  |TAMS 0x0000000087700000, 0x0000000087600000| Untracked 
| 119|0x0000000087700000, 0x0000000087800000, 0x0000000087800000|100%| O|  |TAMS 0x0000000087800000, 0x0000000087700000| Untracked 
| 120|0x0000000087800000, 0x0000000087900000, 0x0000000087900000|100%| O|  |TAMS 0x0000000087900000, 0x0000000087800000| Untracked 
| 121|0x0000000087900000, 0x0000000087a00000, 0x0000000087a00000|100%| O|  |TAMS 0x0000000087a00000, 0x0000000087900000| Untracked 
| 122|0x0000000087a00000, 0x0000000087a00000, 0x0000000087b00000|  0%| F|  |TAMS 0x0000000087a00000, 0x0000000087a00000| Untracked 
| 123|0x0000000087b00000, 0x0000000087b00000, 0x0000000087c00000|  0%| F|  |TAMS 0x0000000087b00000, 0x0000000087b00000| Untracked 
| 124|0x0000000087c00000, 0x0000000087d00000, 0x0000000087d00000|100%| O|  |TAMS 0x0000000087d00000, 0x0000000087c00000| Complete 
| 125|0x0000000087d00000, 0x0000000087e00000, 0x0000000087e00000|100%| O|  |TAMS 0x0000000087e00000, 0x0000000087d00000| Untracked 
| 126|0x0000000087e00000, 0x0000000087e00000, 0x0000000087f00000|  0%| F|  |TAMS 0x0000000087e00000, 0x0000000087e00000| Untracked 
| 127|0x0000000087f00000, 0x0000000087f00000, 0x0000000088000000|  0%| F|  |TAMS 0x0000000087f00000, 0x0000000087f00000| Untracked 
| 128|0x0000000088000000, 0x0000000088000000, 0x0000000088100000|  0%| F|  |TAMS 0x0000000088000000, 0x0000000088000000| Untracked 
| 129|0x0000000088100000, 0x0000000088200000, 0x0000000088200000|100%| O|  |TAMS 0x0000000088200000, 0x0000000088100000| Complete 
| 130|0x0000000088200000, 0x0000000088200000, 0x0000000088300000|  0%| F|  |TAMS 0x0000000088200000, 0x0000000088200000| Untracked 
| 131|0x0000000088300000, 0x0000000088300000, 0x0000000088400000|  0%| F|  |TAMS 0x0000000088300000, 0x0000000088300000| Untracked 
| 132|0x0000000088400000, 0x0000000088500000, 0x0000000088500000|100%| O|  |TAMS 0x0000000088500000, 0x0000000088400000| Complete 
| 133|0x0000000088500000, 0x0000000088500000, 0x0000000088600000|  0%| F|  |TAMS 0x0000000088500000, 0x0000000088500000| Untracked 
| 134|0x0000000088600000, 0x0000000088600000, 0x0000000088700000|  0%| F|  |TAMS 0x0000000088600000, 0x0000000088600000| Untracked 
| 135|0x0000000088700000, 0x0000000088800000, 0x0000000088800000|100%| O|  |TAMS 0x0000000088800000, 0x0000000088700000| Complete 
| 136|0x0000000088800000, 0x0000000088900000, 0x0000000088900000|100%| O|  |TAMS 0x0000000088900000, 0x0000000088800000| Complete 
| 137|0x0000000088900000, 0x0000000088a00000, 0x0000000088a00000|100%| O|  |TAMS 0x0000000088a00000, 0x0000000088900000| Complete 
| 138|0x0000000088a00000, 0x0000000088b00000, 0x0000000088b00000|100%| O|  |TAMS 0x0000000088b00000, 0x0000000088a00000| Complete 
| 139|0x0000000088b00000, 0x0000000088c00000, 0x0000000088c00000|100%| O|  |TAMS 0x0000000088c00000, 0x0000000088b00000| Untracked 
| 140|0x0000000088c00000, 0x0000000088d00000, 0x0000000088d00000|100%| O|  |TAMS 0x0000000088d00000, 0x0000000088c00000| Untracked 
| 141|0x0000000088d00000, 0x0000000088d58600, 0x0000000088e00000| 34%| O|  |TAMS 0x0000000088d58600, 0x0000000088d00000| Untracked 
| 142|0x0000000088e00000, 0x0000000088e00000, 0x0000000088f00000|  0%| F|  |TAMS 0x0000000088e00000, 0x0000000088e00000| Untracked 
| 143|0x0000000088f00000, 0x0000000088f00000, 0x0000000089000000|  0%| F|  |TAMS 0x0000000088f00000, 0x0000000088f00000| Untracked 
| 144|0x0000000089000000, 0x0000000089000000, 0x0000000089100000|  0%| F|  |TAMS 0x0000000089000000, 0x0000000089000000| Untracked 
| 145|0x0000000089100000, 0x0000000089100000, 0x0000000089200000|  0%| F|  |TAMS 0x0000000089100000, 0x0000000089100000| Untracked 
| 146|0x0000000089200000, 0x0000000089300000, 0x0000000089300000|100%| O|  |TAMS 0x0000000089300000, 0x0000000089200000| Complete 
| 147|0x0000000089300000, 0x0000000089400000, 0x0000000089400000|100%| O|  |TAMS 0x0000000089400000, 0x0000000089300000| Complete 
| 148|0x0000000089400000, 0x0000000089500000, 0x0000000089500000|100%| O|  |TAMS 0x0000000089500000, 0x0000000089400000| Complete 
| 149|0x0000000089500000, 0x0000000089600000, 0x0000000089600000|100%| O|  |TAMS 0x0000000089600000, 0x0000000089500000| Complete 
| 150|0x0000000089600000, 0x0000000089600000, 0x0000000089700000|  0%| F|  |TAMS 0x0000000089600000, 0x0000000089600000| Untracked 
| 151|0x0000000089700000, 0x0000000089700000, 0x0000000089800000|  0%| F|  |TAMS 0x0000000089700000, 0x0000000089700000| Untracked 
| 152|0x0000000089800000, 0x0000000089800000, 0x0000000089900000|  0%| F|  |TAMS 0x0000000089800000, 0x0000000089800000| Untracked 
| 153|0x0000000089900000, 0x0000000089900000, 0x0000000089a00000|  0%| F|  |TAMS 0x0000000089900000, 0x0000000089900000| Untracked 
| 154|0x0000000089a00000, 0x0000000089a00000, 0x0000000089b00000|  0%| F|  |TAMS 0x0000000089a00000, 0x0000000089a00000| Untracked 
| 155|0x0000000089b00000, 0x0000000089b00000, 0x0000000089c00000|  0%| F|  |TAMS 0x0000000089b00000, 0x0000000089b00000| Untracked 
| 156|0x0000000089c00000, 0x0000000089c00000, 0x0000000089d00000|  0%| F|  |TAMS 0x0000000089c00000, 0x0000000089c00000| Untracked 
| 157|0x0000000089d00000, 0x0000000089d00000, 0x0000000089e00000|  0%| F|  |TAMS 0x0000000089d00000, 0x0000000089d00000| Untracked 
| 158|0x0000000089e00000, 0x0000000089e00000, 0x0000000089f00000|  0%| F|  |TAMS 0x0000000089e00000, 0x0000000089e00000| Untracked 
| 159|0x0000000089f00000, 0x0000000089f00000, 0x000000008a000000|  0%| F|  |TAMS 0x0000000089f00000, 0x0000000089f00000| Untracked 
| 160|0x000000008a000000, 0x000000008a000000, 0x000000008a100000|  0%| F|  |TAMS 0x000000008a000000, 0x000000008a000000| Untracked 
| 161|0x000000008a100000, 0x000000008a100000, 0x000000008a200000|  0%| F|  |TAMS 0x000000008a100000, 0x000000008a100000| Untracked 
| 162|0x000000008a200000, 0x000000008a200000, 0x000000008a300000|  0%| F|  |TAMS 0x000000008a200000, 0x000000008a200000| Untracked 
| 163|0x000000008a300000, 0x000000008a300000, 0x000000008a400000|  0%| F|  |TAMS 0x000000008a300000, 0x000000008a300000| Untracked 
| 164|0x000000008a400000, 0x000000008a400000, 0x000000008a500000|  0%| F|  |TAMS 0x000000008a400000, 0x000000008a400000| Untracked 
| 165|0x000000008a500000, 0x000000008a600000, 0x000000008a600000|100%| O|  |TAMS 0x000000008a600000, 0x000000008a500000| Complete 
| 166|0x000000008a600000, 0x000000008a600000, 0x000000008a700000|  0%| F|  |TAMS 0x000000008a600000, 0x000000008a600000| Untracked 
| 167|0x000000008a700000, 0x000000008a700000, 0x000000008a800000|  0%| F|  |TAMS 0x000000008a700000, 0x000000008a700000| Untracked 
| 168|0x000000008a800000, 0x000000008a800000, 0x000000008a900000|  0%| F|  |TAMS 0x000000008a800000, 0x000000008a800000| Untracked 
| 169|0x000000008a900000, 0x000000008a900000, 0x000000008aa00000|  0%| F|  |TAMS 0x000000008a900000, 0x000000008a900000| Untracked 
| 170|0x000000008aa00000, 0x000000008aa00000, 0x000000008ab00000|  0%| F|  |TAMS 0x000000008aa00000, 0x000000008aa00000| Untracked 
| 171|0x000000008ab00000, 0x000000008ab00000, 0x000000008ac00000|  0%| F|  |TAMS 0x000000008ab00000, 0x000000008ab00000| Untracked 
| 172|0x000000008ac00000, 0x000000008ac00000, 0x000000008ad00000|  0%| F|  |TAMS 0x000000008ac00000, 0x000000008ac00000| Untracked 
| 173|0x000000008ad00000, 0x000000008ad00000, 0x000000008ae00000|  0%| F|  |TAMS 0x000000008ad00000, 0x000000008ad00000| Untracked 
| 174|0x000000008ae00000, 0x000000008ae00000, 0x000000008af00000|  0%| F|  |TAMS 0x000000008ae00000, 0x000000008ae00000| Untracked 
| 175|0x000000008af00000, 0x000000008af00000, 0x000000008b000000|  0%| F|  |TAMS 0x000000008af00000, 0x000000008af00000| Untracked 
| 176|0x000000008b000000, 0x000000008b000000, 0x000000008b100000|  0%| F|  |TAMS 0x000000008b000000, 0x000000008b000000| Untracked 
| 177|0x000000008b100000, 0x000000008b100000, 0x000000008b200000|  0%| F|  |TAMS 0x000000008b100000, 0x000000008b100000| Untracked 
| 178|0x000000008b200000, 0x000000008b200000, 0x000000008b300000|  0%| F|  |TAMS 0x000000008b200000, 0x000000008b200000| Untracked 
| 179|0x000000008b300000, 0x000000008b300000, 0x000000008b400000|  0%| F|  |TAMS 0x000000008b300000, 0x000000008b300000| Untracked 
| 180|0x000000008b400000, 0x000000008b400000, 0x000000008b500000|  0%| F|  |TAMS 0x000000008b400000, 0x000000008b400000| Untracked 
| 181|0x000000008b500000, 0x000000008b500000, 0x000000008b600000|  0%| F|  |TAMS 0x000000008b500000, 0x000000008b500000| Untracked 
| 182|0x000000008b600000, 0x000000008b600000, 0x000000008b700000|  0%| F|  |TAMS 0x000000008b600000, 0x000000008b600000| Untracked 
| 183|0x000000008b700000, 0x000000008b700000, 0x000000008b800000|  0%| F|  |TAMS 0x000000008b700000, 0x000000008b700000| Untracked 
| 184|0x000000008b800000, 0x000000008b800000, 0x000000008b900000|  0%| F|  |TAMS 0x000000008b800000, 0x000000008b800000| Untracked 
| 185|0x000000008b900000, 0x000000008b900000, 0x000000008ba00000|  0%| F|  |TAMS 0x000000008b900000, 0x000000008b900000| Untracked 
| 186|0x000000008ba00000, 0x000000008ba6d020, 0x000000008bb00000| 42%| S|CS|TAMS 0x000000008ba00000, 0x000000008ba00000| Complete 
| 187|0x000000008bb00000, 0x000000008bc00000, 0x000000008bc00000|100%| S|CS|TAMS 0x000000008bb00000, 0x000000008bb00000| Complete 
| 188|0x000000008bc00000, 0x000000008bd00000, 0x000000008bd00000|100%| S|CS|TAMS 0x000000008bc00000, 0x000000008bc00000| Complete 
| 189|0x000000008bd00000, 0x000000008be00000, 0x000000008be00000|100%| S|CS|TAMS 0x000000008bd00000, 0x000000008bd00000| Complete 
| 190|0x000000008be00000, 0x000000008bf00000, 0x000000008bf00000|100%| S|CS|TAMS 0x000000008be00000, 0x000000008be00000| Complete 
| 191|0x000000008bf00000, 0x000000008c000000, 0x000000008c000000|100%| S|CS|TAMS 0x000000008bf00000, 0x000000008bf00000| Complete 
| 192|0x000000008c000000, 0x000000008c000000, 0x000000008c100000|  0%| F|  |TAMS 0x000000008c000000, 0x000000008c000000| Untracked 
| 193|0x000000008c100000, 0x000000008c100000, 0x000000008c200000|  0%| F|  |TAMS 0x000000008c100000, 0x000000008c100000| Untracked 
| 194|0x000000008c200000, 0x000000008c200000, 0x000000008c300000|  0%| F|  |TAMS 0x000000008c200000, 0x000000008c200000| Untracked 
| 195|0x000000008c300000, 0x000000008c300000, 0x000000008c400000|  0%| F|  |TAMS 0x000000008c300000, 0x000000008c300000| Untracked 
| 196|0x000000008c400000, 0x000000008c400000, 0x000000008c500000|  0%| F|  |TAMS 0x000000008c400000, 0x000000008c400000| Untracked 
| 197|0x000000008c500000, 0x000000008c500000, 0x000000008c600000|  0%| F|  |TAMS 0x000000008c500000, 0x000000008c500000| Untracked 
| 198|0x000000008c600000, 0x000000008c600000, 0x000000008c700000|  0%| F|  |TAMS 0x000000008c600000, 0x000000008c600000| Untracked 
| 199|0x000000008c700000, 0x000000008c700000, 0x000000008c800000|  0%| F|  |TAMS 0x000000008c700000, 0x000000008c700000| Untracked 
| 200|0x000000008c800000, 0x000000008c800000, 0x000000008c900000|  0%| F|  |TAMS 0x000000008c800000, 0x000000008c800000| Untracked 
| 201|0x000000008c900000, 0x000000008c900000, 0x000000008ca00000|  0%| F|  |TAMS 0x000000008c900000, 0x000000008c900000| Untracked 
| 202|0x000000008ca00000, 0x000000008ca00000, 0x000000008cb00000|  0%| F|  |TAMS 0x000000008ca00000, 0x000000008ca00000| Untracked 
| 203|0x000000008cb00000, 0x000000008cb00000, 0x000000008cc00000|  0%| F|  |TAMS 0x000000008cb00000, 0x000000008cb00000| Untracked 
| 204|0x000000008cc00000, 0x000000008cc00000, 0x000000008cd00000|  0%| F|  |TAMS 0x000000008cc00000, 0x000000008cc00000| Untracked 
| 205|0x000000008cd00000, 0x000000008cd00000, 0x000000008ce00000|  0%| F|  |TAMS 0x000000008cd00000, 0x000000008cd00000| Untracked 
| 206|0x000000008ce00000, 0x000000008ce00000, 0x000000008cf00000|  0%| F|  |TAMS 0x000000008ce00000, 0x000000008ce00000| Untracked 
| 207|0x000000008cf00000, 0x000000008cf00000, 0x000000008d000000|  0%| F|  |TAMS 0x000000008cf00000, 0x000000008cf00000| Untracked 
| 208|0x000000008d000000, 0x000000008d000000, 0x000000008d100000|  0%| F|  |TAMS 0x000000008d000000, 0x000000008d000000| Untracked 
| 209|0x000000008d100000, 0x000000008d100000, 0x000000008d200000|  0%| F|  |TAMS 0x000000008d100000, 0x000000008d100000| Untracked 
| 210|0x000000008d200000, 0x000000008d200000, 0x000000008d300000|  0%| F|  |TAMS 0x000000008d200000, 0x000000008d200000| Untracked 
| 211|0x000000008d300000, 0x000000008d300000, 0x000000008d400000|  0%| F|  |TAMS 0x000000008d300000, 0x000000008d300000| Untracked 
| 212|0x000000008d400000, 0x000000008d400000, 0x000000008d500000|  0%| F|  |TAMS 0x000000008d400000, 0x000000008d400000| Untracked 
| 213|0x000000008d500000, 0x000000008d500000, 0x000000008d600000|  0%| F|  |TAMS 0x000000008d500000, 0x000000008d500000| Untracked 
| 214|0x000000008d600000, 0x000000008d600000, 0x000000008d700000|  0%| F|  |TAMS 0x000000008d600000, 0x000000008d600000| Untracked 
| 215|0x000000008d700000, 0x000000008d700000, 0x000000008d800000|  0%| F|  |TAMS 0x000000008d700000, 0x000000008d700000| Untracked 
| 216|0x000000008d800000, 0x000000008d800000, 0x000000008d900000|  0%| F|  |TAMS 0x000000008d800000, 0x000000008d800000| Untracked 
| 217|0x000000008d900000, 0x000000008d900000, 0x000000008da00000|  0%| F|  |TAMS 0x000000008d900000, 0x000000008d900000| Untracked 
| 218|0x000000008da00000, 0x000000008da00000, 0x000000008db00000|  0%| F|  |TAMS 0x000000008da00000, 0x000000008da00000| Untracked 
| 219|0x000000008db00000, 0x000000008db00000, 0x000000008dc00000|  0%| F|  |TAMS 0x000000008db00000, 0x000000008db00000| Untracked 
| 220|0x000000008dc00000, 0x000000008dc00000, 0x000000008dd00000|  0%| F|  |TAMS 0x000000008dc00000, 0x000000008dc00000| Untracked 
| 221|0x000000008dd00000, 0x000000008dd00000, 0x000000008de00000|  0%| F|  |TAMS 0x000000008dd00000, 0x000000008dd00000| Untracked 
| 222|0x000000008de00000, 0x000000008de00000, 0x000000008df00000|  0%| F|  |TAMS 0x000000008de00000, 0x000000008de00000| Untracked 
| 223|0x000000008df00000, 0x000000008df00000, 0x000000008e000000|  0%| F|  |TAMS 0x000000008df00000, 0x000000008df00000| Untracked 
| 224|0x000000008e000000, 0x000000008e000000, 0x000000008e100000|  0%| F|  |TAMS 0x000000008e000000, 0x000000008e000000| Untracked 
| 225|0x000000008e100000, 0x000000008e100000, 0x000000008e200000|  0%| F|  |TAMS 0x000000008e100000, 0x000000008e100000| Untracked 
| 226|0x000000008e200000, 0x000000008e200000, 0x000000008e300000|  0%| F|  |TAMS 0x000000008e200000, 0x000000008e200000| Untracked 
| 227|0x000000008e300000, 0x000000008e300000, 0x000000008e400000|  0%| F|  |TAMS 0x000000008e300000, 0x000000008e300000| Untracked 
| 228|0x000000008e400000, 0x000000008e400000, 0x000000008e500000|  0%| F|  |TAMS 0x000000008e400000, 0x000000008e400000| Untracked 
| 229|0x000000008e500000, 0x000000008e500000, 0x000000008e600000|  0%| F|  |TAMS 0x000000008e500000, 0x000000008e500000| Untracked 
| 230|0x000000008e600000, 0x000000008e600000, 0x000000008e700000|  0%| F|  |TAMS 0x000000008e600000, 0x000000008e600000| Untracked 
| 231|0x000000008e700000, 0x000000008e700000, 0x000000008e800000|  0%| F|  |TAMS 0x000000008e700000, 0x000000008e700000| Untracked 
| 232|0x000000008e800000, 0x000000008e800000, 0x000000008e900000|  0%| F|  |TAMS 0x000000008e800000, 0x000000008e800000| Untracked 
| 233|0x000000008e900000, 0x000000008e900000, 0x000000008ea00000|  0%| F|  |TAMS 0x000000008e900000, 0x000000008e900000| Untracked 
| 234|0x000000008ea00000, 0x000000008ea00000, 0x000000008eb00000|  0%| F|  |TAMS 0x000000008ea00000, 0x000000008ea00000| Untracked 
| 235|0x000000008eb00000, 0x000000008eb00000, 0x000000008ec00000|  0%| F|  |TAMS 0x000000008eb00000, 0x000000008eb00000| Untracked 
| 236|0x000000008ec00000, 0x000000008ec00000, 0x000000008ed00000|  0%| F|  |TAMS 0x000000008ec00000, 0x000000008ec00000| Untracked 
| 237|0x000000008ed00000, 0x000000008ed00000, 0x000000008ee00000|  0%| F|  |TAMS 0x000000008ed00000, 0x000000008ed00000| Untracked 
| 238|0x000000008ee00000, 0x000000008ee2daf8, 0x000000008ef00000| 17%| E|  |TAMS 0x000000008ee00000, 0x000000008ee00000| Complete 
| 239|0x000000008ef00000, 0x000000008f000000, 0x000000008f000000|100%| E|CS|TAMS 0x000000008ef00000, 0x000000008ef00000| Complete 
| 240|0x000000008f000000, 0x000000008f100000, 0x000000008f100000|100%| E|CS|TAMS 0x000000008f000000, 0x000000008f000000| Complete 
| 241|0x000000008f100000, 0x000000008f200000, 0x000000008f200000|100%| E|CS|TAMS 0x000000008f100000, 0x000000008f100000| Complete 
| 242|0x000000008f200000, 0x000000008f300000, 0x000000008f300000|100%| E|CS|TAMS 0x000000008f200000, 0x000000008f200000| Complete 
| 243|0x000000008f300000, 0x000000008f400000, 0x000000008f400000|100%| E|CS|TAMS 0x000000008f300000, 0x000000008f300000| Complete 
| 244|0x000000008f400000, 0x000000008f500000, 0x000000008f500000|100%| E|CS|TAMS 0x000000008f400000, 0x000000008f400000| Complete 

Card table byte_map: [0x000002417caa0000,0x000002417cea0000] _byte_map_base: 0x000002417c6a0000

Marking Bits (Prev, Next): (CMBitMap*) 0x000002417c6039a8, (CMBitMap*) 0x000002417c6039e0
 Prev Bits: [0x000002417d2a0000, 0x000002417f2a0000)
 Next Bits: [0x0000024112a20000, 0x0000024114a20000)

Polling page: 0x000002417a4c0000

Metaspace:

Usage:
  Non-class:     98.62 MB capacity,    96.69 MB ( 98%) used,     1.60 MB (  2%) free+waste,   345.38 KB ( <1%) overhead. 
      Class:     14.95 MB capacity,    13.84 MB ( 93%) used,   979.33 KB (  6%) free+waste,   157.69 KB (  1%) overhead. 
       Both:    113.57 MB capacity,   110.53 MB ( 97%) used,     2.55 MB (  2%) free+waste,   503.06 KB ( <1%) overhead. 

Virtual space:
  Non-class space:      100.00 MB reserved,      98.75 MB ( 99%) committed 
      Class space:        1.00 GB reserved,      15.00 MB (  1%) committed 
             Both:        1.10 GB reserved,     113.75 MB ( 10%) committed 

Chunk freelists:
   Non-Class:  68.00 KB
       Class:  22.00 KB
        Both:  90.00 KB

MaxMetaspaceSize: 17179869184.00 GB
CompressedClassSpaceSize: 1.00 GB

CodeHeap 'non-profiled nmethods': size=120064Kb used=7940Kb max_used=7940Kb free=112123Kb
 bounds [0x000002410b4e0000, 0x000002410bcb0000, 0x0000024112a20000]
CodeHeap 'profiled nmethods': size=120000Kb used=32125Kb max_used=32125Kb free=87874Kb
 bounds [0x0000024103fb0000, 0x0000024105f10000, 0x000002410b4e0000]
CodeHeap 'non-nmethods': size=5696Kb used=2334Kb max_used=2384Kb free=3361Kb
 bounds [0x0000024103a20000, 0x0000024103c90000, 0x0000024103fb0000]
 total_blobs=16547 nmethods=15599 adapters=859
 compilation: enabled
              stopped_count=0, restarted_count=0
 full_count=0

Compilation events (20 events):
Event: 949.881 Thread 0x000002417f7ad000 16016       3       org.gradle.api.internal.model.DefaultObjectFactory::property (172 bytes)
Event: 949.887 Thread 0x000002417f7ad000 nmethod 16016 0x0000024105f06e10 code [0x0000024105f074e0, 0x0000024105f0a2d8]
Event: 949.966 Thread 0x000002417f7ad000 16022       3       org.gradle.internal.instantiation.generator.AsmBackedClassGenerator$ClassBuilderImpl::generateToStringSupport (229 bytes)
Event: 949.968 Thread 0x000002417f7ad000 nmethod 16022 0x0000024105f0b410 code [0x0000024105f0b7e0, 0x0000024105f0cf28]
Event: 949.983 Thread 0x000002417f7ad000 16025       1       org.gradle.execution.plan.Node::getDependencySuccessors (5 bytes)
Event: 949.983 Thread 0x000002417f7ad000 nmethod 16025 0x000002410bc96790 code [0x000002410bc96940, 0x000002410bc969f8]
Event: 949.983 Thread 0x000002417f7ad000 16026       3       java.lang.Float::floatToIntBits (15 bytes)
Event: 949.984 Thread 0x000002417f7ad000 nmethod 16026 0x0000024105f0d510 code [0x0000024105f0d6c0, 0x0000024105f0d8d8]
Event: 950.001 Thread 0x000002417f7ad000 16027       3       org.gradle.internal.execution.impl.DefaultWorkValidationContext::forType (45 bytes)
Event: 950.003 Thread 0x000002417f7ad000 nmethod 16027 0x0000024105f0d990 code [0x0000024105f0dba0, 0x0000024105f0e338]
Event: 950.003 Thread 0x000002417f7ad000 16028       3       org.gradle.internal.execution.impl.DefaultWorkValidationContext$1::<init> (20 bytes)
Event: 950.003 Thread 0x000002417f7ad000 nmethod 16028 0x0000024105f0e590 code [0x0000024105f0e760, 0x0000024105f0ea98]
Event: 950.201 Thread 0x000002417f7ad000 16029       3       java.util.ArrayDeque::remove (5 bytes)
Event: 950.202 Thread 0x000002417f7ad000 nmethod 16029 0x0000024105f0eb90 code [0x0000024105f0ed60, 0x0000024105f0eff8]
Event: 950.365 Thread 0x000002417f7a6800 nmethod 16011 0x000002410bc96a90 code [0x000002410bc97180, 0x000002410bc9ce90]
Event: 950.365 Thread 0x000002417f7a6800 16021       4       java.lang.StringBuilder::toString (35 bytes)
Event: 950.386 Thread 0x000002417f7a6800 nmethod 16021 0x000002410bca0410 code [0x000002410bca05e0, 0x000002410bca0f78]
Event: 950.386 Thread 0x000002417f7a6800 16017       4       org.gradle.internal.reflect.ClassInspector::inspectClass (179 bytes)
Event: 950.762 Thread 0x000002417f7ad000 16031       3       com.google.gson.internal.bind.TypeAdapters$32::create (20 bytes)
Event: 950.762 Thread 0x000002417f7ad000 nmethod 16031 0x0000024105f0f110 code [0x0000024105f0f2c0, 0x0000024105f0f458]

GC Heap History (20 events):
Event: 923.131 GC heap before
{Heap before GC invocations=94 (full 0):
 garbage-first heap   total 208896K, used 181907K [0x0000000080000000, 0x0000000100000000)
  region size 1024K, 27 young (27648K), 2 survivors (2048K)
 Metaspace       used 107940K, capacity 111077K, committed 111232K, reserved 1144832K
  class space    used 13785K, capacity 14935K, committed 14976K, reserved 1048576K
}
Event: 923.160 GC heap after
{Heap after GC invocations=95 (full 0):
 garbage-first heap   total 208896K, used 150492K [0x0000000080000000, 0x0000000100000000)
  region size 1024K, 4 young (4096K), 4 survivors (4096K)
 Metaspace       used 107940K, capacity 111077K, committed 111232K, reserved 1144832K
  class space    used 13785K, capacity 14935K, committed 14976K, reserved 1048576K
}
Event: 923.256 GC heap before
{Heap before GC invocations=95 (full 0):
 garbage-first heap   total 208896K, used 156636K [0x0000000080000000, 0x0000000100000000)
  region size 1024K, 10 young (10240K), 4 survivors (4096K)
 Metaspace       used 107941K, capacity 111077K, committed 111232K, reserved 1144832K
  class space    used 13785K, capacity 14935K, committed 14976K, reserved 1048576K
}
Event: 923.282 GC heap after
{Heap after GC invocations=96 (full 0):
 garbage-first heap   total 208896K, used 149929K [0x0000000080000000, 0x0000000100000000)
  region size 1024K, 1 young (1024K), 1 survivors (1024K)
 Metaspace       used 107941K, capacity 111077K, committed 111232K, reserved 1144832K
  class space    used 13785K, capacity 14935K, committed 14976K, reserved 1048576K
}
Event: 923.707 GC heap before
{Heap before GC invocations=96 (full 0):
 garbage-first heap   total 208896K, used 174505K [0x0000000080000000, 0x0000000100000000)
  region size 1024K, 25 young (25600K), 1 survivors (1024K)
 Metaspace       used 107953K, capacity 111078K, committed 111232K, reserved 1144832K
  class space    used 13785K, capacity 14935K, committed 14976K, reserved 1048576K
}
Event: 923.712 GC heap after
{Heap after GC invocations=97 (full 0):
 garbage-first heap   total 208896K, used 149414K [0x0000000080000000, 0x0000000100000000)
  region size 1024K, 1 young (1024K), 1 survivors (1024K)
 Metaspace       used 107953K, capacity 111078K, committed 111232K, reserved 1144832K
  class space    used 13785K, capacity 14935K, committed 14976K, reserved 1048576K
}
Event: 924.411 GC heap before
{Heap before GC invocations=97 (full 0):
 garbage-first heap   total 208896K, used 175014K [0x0000000080000000, 0x0000000100000000)
  region size 1024K, 27 young (27648K), 1 survivors (1024K)
 Metaspace       used 107956K, capacity 111078K, committed 111232K, reserved 1144832K
  class space    used 13785K, capacity 14935K, committed 14976K, reserved 1048576K
}
Event: 924.416 GC heap after
{Heap after GC invocations=98 (full 0):
 garbage-first heap   total 208896K, used 149345K [0x0000000080000000, 0x0000000100000000)
  region size 1024K, 1 young (1024K), 1 survivors (1024K)
 Metaspace       used 107956K, capacity 111078K, committed 111232K, reserved 1144832K
  class space    used 13785K, capacity 14935K, committed 14976K, reserved 1048576K
}
Event: 924.841 GC heap before
{Heap before GC invocations=99 (full 0):
 garbage-first heap   total 208896K, used 158561K [0x0000000080000000, 0x0000000100000000)
  region size 1024K, 11 young (11264K), 1 survivors (1024K)
 Metaspace       used 107985K, capacity 111084K, committed 111232K, reserved 1144832K
  class space    used 13787K, capacity 14937K, committed 14976K, reserved 1048576K
}
Event: 924.859 GC heap after
{Heap after GC invocations=100 (full 0):
 garbage-first heap   total 208896K, used 154146K [0x0000000080000000, 0x0000000100000000)
  region size 1024K, 4 young (4096K), 4 survivors (4096K)
 Metaspace       used 107985K, capacity 111084K, committed 111232K, reserved 1144832K
  class space    used 13787K, capacity 14937K, committed 14976K, reserved 1048576K
}
Event: 925.920 GC heap before
{Heap before GC invocations=101 (full 0):
 garbage-first heap   total 208896K, used 193058K [0x0000000080000000, 0x0000000100000000)
  region size 1024K, 27 young (27648K), 4 survivors (4096K)
 Metaspace       used 108462K, capacity 111494K, committed 111744K, reserved 1146880K
  class space    used 13820K, capacity 14954K, committed 14976K, reserved 1048576K
}
Event: 925.940 GC heap after
{Heap after GC invocations=102 (full 0):
 garbage-first heap   total 208896K, used 157072K [0x0000000080000000, 0x0000000100000000)
  region size 1024K, 4 young (4096K), 4 survivors (4096K)
 Metaspace       used 108462K, capacity 111494K, committed 111744K, reserved 1146880K
  class space    used 13820K, capacity 14954K, committed 14976K, reserved 1048576K
}
Event: 926.687 GC heap before
{Heap before GC invocations=102 (full 0):
 garbage-first heap   total 208896K, used 175504K [0x0000000080000000, 0x0000000100000000)
  region size 1024K, 23 young (23552K), 4 survivors (4096K)
 Metaspace       used 111770K, capacity 114849K, committed 115072K, reserved 1148928K
  class space    used 14080K, capacity 15210K, committed 15232K, reserved 1048576K
}
Event: 926.700 GC heap after
{Heap after GC invocations=103 (full 0):
 garbage-first heap   total 208896K, used 159282K [0x0000000080000000, 0x0000000100000000)
  region size 1024K, 3 young (3072K), 3 survivors (3072K)
 Metaspace       used 111770K, capacity 114849K, committed 115072K, reserved 1148928K
  class space    used 14080K, capacity 15210K, committed 15232K, reserved 1048576K
}
Event: 927.754 GC heap before
{Heap before GC invocations=104 (full 0):
 garbage-first heap   total 208896K, used 164402K [0x0000000080000000, 0x0000000100000000)
  region size 1024K, 21 young (21504K), 3 survivors (3072K)
 Metaspace       used 112082K, capacity 115169K, committed 115328K, reserved 1148928K
  class space    used 14090K, capacity 15210K, committed 15232K, reserved 1048576K
}
Event: 927.772 GC heap after
{Heap after GC invocations=105 (full 0):
 garbage-first heap   total 208896K, used 149184K [0x0000000080000000, 0x0000000100000000)
  region size 1024K, 3 young (3072K), 3 survivors (3072K)
 Metaspace       used 112082K, capacity 115169K, committed 115328K, reserved 1148928K
  class space    used 14090K, capacity 15210K, committed 15232K, reserved 1048576K
}
Event: 927.861 GC heap before
{Heap before GC invocations=105 (full 0):
 garbage-first heap   total 208896K, used 156352K [0x0000000080000000, 0x0000000100000000)
  region size 1024K, 10 young (10240K), 3 survivors (3072K)
 Metaspace       used 112146K, capacity 115265K, committed 115456K, reserved 1148928K
  class space    used 14093K, capacity 15242K, committed 15360K, reserved 1048576K
}
Event: 927.893 GC heap after
{Heap after GC invocations=106 (full 0):
 garbage-first heap   total 250880K, used 135521K [0x0000000080000000, 0x0000000100000000)
  region size 1024K, 2 young (2048K), 2 survivors (2048K)
 Metaspace       used 112146K, capacity 115265K, committed 115456K, reserved 1148928K
  class space    used 14093K, capacity 15242K, committed 15360K, reserved 1048576K
}
Event: 939.290 GC heap before
{Heap before GC invocations=106 (full 0):
 garbage-first heap   total 250880K, used 189793K [0x0000000080000000, 0x0000000100000000)
  region size 1024K, 53 young (54272K), 2 survivors (2048K)
 Metaspace       used 112972K, capacity 116075K, committed 116224K, reserved 1150976K
  class space    used 14147K, capacity 15275K, committed 15360K, reserved 1048576K
}
Event: 939.373 GC heap after
{Heap after GC invocations=107 (full 0):
 garbage-first heap   total 250880K, used 139029K [0x0000000080000000, 0x0000000100000000)
  region size 1024K, 6 young (6144K), 6 survivors (6144K)
 Metaspace       used 112972K, capacity 116075K, committed 116224K, reserved 1150976K
  class space    used 14147K, capacity 15275K, committed 15360K, reserved 1048576K
}

Deoptimization events (20 events):
Event: 938.556 Thread 0x000002411b603000 Uncommon trap: trap_request=0xffffffbe fr.pc=0x000002410bc7cdb8 relative=0x0000000000000558
Event: 938.556 Thread 0x000002411b603000 Uncommon trap: reason=profile_predicate action=maybe_recompile pc=0x000002410bc7cdb8 method=com.esotericsoftware.kryo.io.Output.writeString(Ljava/lang/CharSequence;)V @ 67 c2
Event: 938.556 Thread 0x000002411b603000 DEOPT PACKING pc=0x000002410bc7cdb8 sp=0x00000053009fe150
Event: 938.556 Thread 0x000002411b603000 DEOPT UNPACKING pc=0x0000024103a4662f sp=0x00000053009fe0d0 mode 2
Event: 938.557 Thread 0x000002411b603000 Uncommon trap: trap_request=0xffffffbe fr.pc=0x000002410bc7cdb8 relative=0x0000000000000558
Event: 938.557 Thread 0x000002411b603000 Uncommon trap: reason=profile_predicate action=maybe_recompile pc=0x000002410bc7cdb8 method=com.esotericsoftware.kryo.io.Output.writeString(Ljava/lang/CharSequence;)V @ 67 c2
Event: 938.557 Thread 0x000002411b603000 DEOPT PACKING pc=0x000002410bc7cdb8 sp=0x00000053009fe240
Event: 938.557 Thread 0x000002411b603000 DEOPT UNPACKING pc=0x0000024103a4662f sp=0x00000053009fe1c0 mode 2
Event: 949.451 Thread 0x000002411d822000 Uncommon trap: trap_request=0xffffff4d fr.pc=0x000002410ba2f2e4 relative=0x0000000000000664
Event: 949.452 Thread 0x000002411d822000 Uncommon trap: reason=unstable_if action=reinterpret pc=0x000002410ba2f2e4 method=sun.security.provider.DigestBase.engineUpdate([BII)V @ 1 c2
Event: 949.452 Thread 0x000002411d822000 DEOPT PACKING pc=0x000002410ba2f2e4 sp=0x0000005303dfa010
Event: 949.452 Thread 0x000002411d822000 DEOPT UNPACKING pc=0x0000024103a4662f sp=0x0000005303df9fe8 mode 2
Event: 949.516 Thread 0x000002411b603000 DEOPT PACKING pc=0x0000024105ecb1f0 sp=0x00000053009fe0d0
Event: 949.517 Thread 0x000002411b603000 DEOPT UNPACKING pc=0x0000024103a46dde sp=0x00000053009fd588 mode 0
Event: 949.524 Thread 0x000002411d822000 Uncommon trap: trap_request=0xffffff7e fr.pc=0x000002410bc8ef70 relative=0x0000000000001d10
Event: 949.524 Thread 0x000002411d822000 Uncommon trap: reason=predicate action=maybe_recompile pc=0x000002410bc8ef70 method=java.util.TimSort.reverseRange([Ljava/lang/Object;II)V @ 5 c2
Event: 949.524 Thread 0x000002411d822000 DEOPT PACKING pc=0x000002410bc8ef70 sp=0x0000005303df8cb0
Event: 949.524 Thread 0x000002411d822000 DEOPT UNPACKING pc=0x0000024103a4662f sp=0x0000005303df8b60 mode 2
Event: 949.718 Thread 0x000002411b604800 DEOPT PACKING pc=0x0000024105f0084f sp=0x00000053005f76a0
Event: 949.718 Thread 0x000002411b604800 DEOPT UNPACKING pc=0x0000024103a46dde sp=0x00000053005f6ac0 mode 0

Classes redefined (0 events):
No events

Internal exceptions (20 events):
Event: 935.549 Thread 0x000002411d821000 Exception <a 'sun/nio/fs/WindowsException'{0x000000008c115ce0}> (0x000000008c115ce0) thrown at [./src/hotspot/share/prims/jni.cpp, line 615]
Event: 935.619 Thread 0x000002411d821000 Exception <a 'sun/nio/fs/WindowsException'{0x000000008c116ba8}> (0x000000008c116ba8) thrown at [./src/hotspot/share/prims/jni.cpp, line 615]
Event: 935.622 Thread 0x000002411d821000 Exception <a 'sun/nio/fs/WindowsException'{0x000000008c117a60}> (0x000000008c117a60) thrown at [./src/hotspot/share/prims/jni.cpp, line 615]
Event: 935.624 Thread 0x000002411d821000 Exception <a 'sun/nio/fs/WindowsException'{0x000000008c118918}> (0x000000008c118918) thrown at [./src/hotspot/share/prims/jni.cpp, line 615]
Event: 935.626 Thread 0x000002411d821000 Exception <a 'sun/nio/fs/WindowsException'{0x000000008c1197d0}> (0x000000008c1197d0) thrown at [./src/hotspot/share/prims/jni.cpp, line 615]
Event: 935.774 Thread 0x000002411d821000 Exception <a 'sun/nio/fs/WindowsException'{0x000000008c11a688}> (0x000000008c11a688) thrown at [./src/hotspot/share/prims/jni.cpp, line 615]
Event: 936.112 Thread 0x000002411d821000 Exception <a 'sun/nio/fs/WindowsException'{0x000000008c11b540}> (0x000000008c11b540) thrown at [./src/hotspot/share/prims/jni.cpp, line 615]
Event: 936.214 Thread 0x000002411d821000 Exception <a 'sun/nio/fs/WindowsException'{0x000000008c11c3f8}> (0x000000008c11c3f8) thrown at [./src/hotspot/share/prims/jni.cpp, line 615]
Event: 936.356 Thread 0x000002411d821000 Exception <a 'sun/nio/fs/WindowsException'{0x000000008c180718}> (0x000000008c180718) thrown at [./src/hotspot/share/prims/jni.cpp, line 615]
Event: 936.475 Thread 0x000002411d821000 Exception <a 'sun/nio/fs/WindowsException'{0x000000008c1815c0}> (0x000000008c1815c0) thrown at [./src/hotspot/share/prims/jni.cpp, line 615]
Event: 936.642 Thread 0x000002411d821000 Exception <a 'sun/nio/fs/WindowsException'{0x000000008c182468}> (0x000000008c182468) thrown at [./src/hotspot/share/prims/jni.cpp, line 615]
Event: 936.644 Thread 0x000002411d821000 Exception <a 'sun/nio/fs/WindowsException'{0x000000008c183310}> (0x000000008c183310) thrown at [./src/hotspot/share/prims/jni.cpp, line 615]
Event: 936.646 Thread 0x000002411d821000 Exception <a 'sun/nio/fs/WindowsException'{0x000000008c1841b8}> (0x000000008c1841b8) thrown at [./src/hotspot/share/prims/jni.cpp, line 615]
Event: 936.648 Thread 0x000002411d821000 Exception <a 'sun/nio/fs/WindowsException'{0x000000008c185108}> (0x000000008c185108) thrown at [./src/hotspot/share/prims/jni.cpp, line 615]
Event: 936.748 Thread 0x000002411d821000 Exception <a 'sun/nio/fs/WindowsException'{0x000000008c186020}> (0x000000008c186020) thrown at [./src/hotspot/share/prims/jni.cpp, line 615]
Event: 937.043 Thread 0x000002411d821000 Exception <a 'sun/nio/fs/WindowsException'{0x000000008c186f70}> (0x000000008c186f70) thrown at [./src/hotspot/share/prims/jni.cpp, line 615]
Event: 937.347 Thread 0x000002411d821000 Exception <a 'sun/nio/fs/WindowsException'{0x000000008c187fa8}> (0x000000008c187fa8) thrown at [./src/hotspot/share/prims/jni.cpp, line 615]
Event: 937.448 Thread 0x000002411d821000 Exception <a 'sun/nio/fs/WindowsException'{0x000000008c188fb8}> (0x000000008c188fb8) thrown at [./src/hotspot/share/prims/jni.cpp, line 615]
Event: 949.710 Thread 0x000002411d822000 Exception <a 'sun/nio/fs/WindowsException'{0x000000008f10e670}> (0x000000008f10e670) thrown at [./src/hotspot/share/prims/jni.cpp, line 615]
Event: 949.715 Thread 0x000002411d822000 Exception <a 'sun/nio/fs/WindowsException'{0x000000008f10f4f8}> (0x000000008f10f4f8) thrown at [./src/hotspot/share/prims/jni.cpp, line 615]

Events (20 events):
Event: 950.225 loading class com/android/build/api/variant/impl/BuiltArtifactTypeAdapter
Event: 950.225 loading class com/android/build/api/variant/impl/BuiltArtifactTypeAdapter done
Event: 950.230 loading class com/android/ide/common/build/CommonBuiltArtifactTypeAdapter
Event: 950.230 loading class com/android/ide/common/build/CommonBuiltArtifactTypeAdapter done
Event: 950.234 loading class com/android/build/api/variant/impl/ArtifactTypeTypeAdapter
Event: 950.234 loading class com/android/build/api/variant/impl/ArtifactTypeTypeAdapter done
Event: 950.238 loading class com/android/build/api/variant/impl/BuiltArtifactsImpl$persist$1
Event: 950.238 loading class com/android/build/api/variant/impl/BuiltArtifactsImpl$persist$1 done
Event: 950.240 loading class com/android/build/api/variant/impl/BuiltArtifactsImpl$Companion$initFileType$1
Event: 950.240 loading class com/android/build/api/variant/impl/BuiltArtifactsImpl$Companion$initFileType$1 done
Event: 950.241 loading class com/android/build/api/variant/impl/BuiltArtifactsImpl$Companion$initFileType$2
Event: 950.241 loading class com/android/build/api/variant/impl/BuiltArtifactsImpl$Companion$initFileType$2 done
Event: 950.339 loading class com/google/common/collect/MapMakerInternalMap$InternalEntry
Event: 950.339 loading class com/google/common/collect/MapMakerInternalMap$InternalEntry done
Event: 950.711 loading class com/google/common/collect/MapMakerInternalMap$Strength
Event: 950.711 loading class com/google/common/collect/MapMakerInternalMap$Strength done
Event: 950.715 loading class com/google/common/collect/MapMakerInternalMap$Strength$1
Event: 950.715 loading class com/google/common/collect/MapMakerInternalMap$Strength$1 done
Event: 950.718 loading class com/google/common/collect/MapMakerInternalMap$Strength$2
Event: 950.718 loading class com/google/common/collect/MapMakerInternalMap$Strength$2 done


Dynamic libraries:
0x00007ff6dea40000 - 0x00007ff6dea4a000 	D:\installationandroid\jre\bin\java.exe
0x00007ffba8f30000 - 0x00007ffba9125000 	C:\WINDOWS\SYSTEM32\ntdll.dll
0x00007ffb7acd0000 - 0x00007ffb7ace6000 	C:\Program Files\Avast Software\Avast\aswhook.dll
0x00007ffba7990000 - 0x00007ffba7a4d000 	C:\WINDOWS\System32\KERNEL32.DLL
0x00007ffba6670000 - 0x00007ffba6938000 	C:\WINDOWS\System32\KERNELBASE.dll
0x00007ffba6d10000 - 0x00007ffba6e10000 	C:\WINDOWS\System32\ucrtbase.dll
0x00007ffb8c4e0000 - 0x00007ffb8c4f7000 	D:\installationandroid\jre\bin\VCRUNTIME140.dll
0x00007ffb8c2d0000 - 0x00007ffb8c2e9000 	D:\installationandroid\jre\bin\jli.dll
0x00007ffba88a0000 - 0x00007ffba8a40000 	C:\WINDOWS\System32\USER32.dll
0x00007ffba6a90000 - 0x00007ffba6ab2000 	C:\WINDOWS\System32\win32u.dll
0x00007ffba72b0000 - 0x00007ffba72da000 	C:\WINDOWS\System32\GDI32.dll
0x00007ffb8f430000 - 0x00007ffb8f6ca000 	C:\WINDOWS\WinSxS\amd64_microsoft.windows.common-controls_6595b64144ccf1df_6.0.19041.1052_none_60b8f8fd71f5e8cb\COMCTL32.dll
0x00007ffba6b20000 - 0x00007ffba6c2b000 	C:\WINDOWS\System32\gdi32full.dll
0x00007ffba7a50000 - 0x00007ffba7aee000 	C:\WINDOWS\System32\msvcrt.dll
0x00007ffba6940000 - 0x00007ffba69dd000 	C:\WINDOWS\System32\msvcp_win.dll
0x00007ffba7600000 - 0x00007ffba7630000 	C:\WINDOWS\System32\IMM32.DLL
0x00007ffb8c230000 - 0x00007ffb8c2cd000 	D:\installationandroid\jre\bin\msvcp140.dll
0x00007ffb87770000 - 0x00007ffb88245000 	D:\installationandroid\jre\bin\server\jvm.dll
0x00007ffba7730000 - 0x00007ffba77dc000 	C:\WINDOWS\System32\ADVAPI32.dll
0x00007ffba78f0000 - 0x00007ffba798b000 	C:\WINDOWS\System32\sechost.dll
0x00007ffba7fd0000 - 0x00007ffba80fb000 	C:\WINDOWS\System32\RPCRT4.dll
0x00007ffba7880000 - 0x00007ffba7888000 	C:\WINDOWS\System32\PSAPI.DLL
0x00007ffb96a80000 - 0x00007ffb96a89000 	C:\WINDOWS\SYSTEM32\WSOCK32.dll
0x00007ffba8a40000 - 0x00007ffba8aab000 	C:\WINDOWS\System32\WS2_32.dll
0x00007ffb9d750000 - 0x00007ffb9d75a000 	C:\WINDOWS\SYSTEM32\VERSION.dll
0x00007ffb97560000 - 0x00007ffb97587000 	C:\WINDOWS\SYSTEM32\WINMM.dll
0x00007ffba45c0000 - 0x00007ffba45d2000 	C:\WINDOWS\SYSTEM32\kernel.appcore.dll
0x00007ffb90540000 - 0x00007ffb90551000 	D:\installationandroid\jre\bin\verify.dll
0x00007ffb9c370000 - 0x00007ffb9c554000 	C:\WINDOWS\SYSTEM32\DBGHELP.DLL
0x00007ffb9c2e0000 - 0x00007ffb9c30c000 	C:\WINDOWS\SYSTEM32\dbgcore.DLL
0x00007ffba6c80000 - 0x00007ffba6d03000 	C:\WINDOWS\System32\bcryptPrimitives.dll
0x00007ffb8bf60000 - 0x00007ffb8bf89000 	D:\installationandroid\jre\bin\java.dll
0x00007ffb9e370000 - 0x00007ffb9e37b000 	D:\installationandroid\jre\bin\jimage.dll
0x00007ffb8bf40000 - 0x00007ffb8bf58000 	D:\installationandroid\jre\bin\zip.dll
0x00007ffba8160000 - 0x00007ffba889f000 	C:\WINDOWS\System32\SHELL32.dll
0x00007ffba47c0000 - 0x00007ffba4f50000 	C:\WINDOWS\SYSTEM32\windows.storage.dll
0x00007ffba8ab0000 - 0x00007ffba8e05000 	C:\WINDOWS\System32\combase.dll
0x00007ffba60e0000 - 0x00007ffba610c000 	C:\WINDOWS\SYSTEM32\Wldp.dll
0x00007ffba7150000 - 0x00007ffba71fe000 	C:\WINDOWS\System32\SHCORE.dll
0x00007ffba8100000 - 0x00007ffba8155000 	C:\WINDOWS\System32\shlwapi.dll
0x00007ffba65b0000 - 0x00007ffba65cf000 	C:\WINDOWS\SYSTEM32\profapi.dll
0x00007ffb8be10000 - 0x00007ffb8be2a000 	D:\installationandroid\jre\bin\net.dll
0x00007ffb98c50000 - 0x00007ffb98d5b000 	C:\WINDOWS\SYSTEM32\WINHTTP.dll
0x00007ffba5e50000 - 0x00007ffba5eba000 	C:\WINDOWS\system32\mswsock.dll
0x00007ffb8bdf0000 - 0x00007ffb8be04000 	D:\installationandroid\jre\bin\nio.dll
0x00007ffb8c2f0000 - 0x00007ffb8c317000 	D:\etudes\gradle\native\e1d6ef7f7dcc3fd88c89a11ec53ec762bb8ba0a96d01ffa2cd45eb1d1d8dd5c5\windows-amd64\native-platform.dll
0x00007ffb8c0e0000 - 0x00007ffb8c224000 	D:\etudes\gradle\native\5664cfc778a61ccfe75a443a1ab52a65af34e5dc3c78e0209fed803814484fcb\windows-amd64\native-platform-file-events.dll
0x00007ffb904f0000 - 0x00007ffb904fa000 	D:\installationandroid\jre\bin\management.dll
0x00007ffb90120000 - 0x00007ffb9012d000 	D:\installationandroid\jre\bin\management_ext.dll
0x00007ffba6020000 - 0x00007ffba6038000 	C:\WINDOWS\SYSTEM32\CRYPTSP.dll
0x00007ffba5780000 - 0x00007ffba57b4000 	C:\WINDOWS\system32\rsaenh.dll
0x00007ffba6e10000 - 0x00007ffba6e37000 	C:\WINDOWS\System32\bcrypt.dll
0x00007ffba6570000 - 0x00007ffba659e000 	C:\WINDOWS\SYSTEM32\USERENV.dll
0x00007ffba6040000 - 0x00007ffba604c000 	C:\WINDOWS\SYSTEM32\CRYPTBASE.dll
0x00007ffba5af0000 - 0x00007ffba5b2b000 	C:\WINDOWS\SYSTEM32\IPHLPAPI.DLL
0x00007ffba7870000 - 0x00007ffba7878000 	C:\WINDOWS\System32\NSI.dll
0x00007ffb9d7a0000 - 0x00007ffb9d7b7000 	C:\WINDOWS\SYSTEM32\dhcpcsvc6.DLL
0x00007ffb9d730000 - 0x00007ffb9d74d000 	C:\WINDOWS\SYSTEM32\dhcpcsvc.DLL
0x00007ffba5b30000 - 0x00007ffba5bfc000 	C:\WINDOWS\SYSTEM32\DNSAPI.dll
0x00007ffba53b0000 - 0x00007ffba53e3000 	C:\WINDOWS\SYSTEM32\ntmarta.dll

dbghelp: loaded successfully - version: 4.0.5 - missing functions: none
symbol engine: initialized successfully - sym options: 0x614 - pdb path: .;D:\installationandroid\jre\bin;C:\WINDOWS\SYSTEM32;C:\Program Files\Avast Software\Avast;C:\WINDOWS\WinSxS\amd64_microsoft.windows.common-controls_6595b64144ccf1df_6.0.19041.1052_none_60b8f8fd71f5e8cb;D:\installationandroid\jre\bin\server;D:\etudes\gradle\native\e1d6ef7f7dcc3fd88c89a11ec53ec762bb8ba0a96d01ffa2cd45eb1d1d8dd5c5\windows-amd64;D:\etudes\gradle\native\5664cfc778a61ccfe75a443a1ab52a65af34e5dc3c78e0209fed803814484fcb\windows-amd64

VM Arguments:
jvm_args: --add-opens=java.base/java.util=ALL-UNNAMED --add-opens=java.base/java.lang=ALL-UNNAMED --add-opens=java.base/java.lang.invoke=ALL-UNNAMED --add-opens=java.base/java.util=ALL-UNNAMED --add-opens=java.prefs/java.util.prefs=ALL-UNNAMED --add-opens=java.prefs/java.util.prefs=ALL-UNNAMED --add-opens=java.base/java.nio.charset=ALL-UNNAMED --add-opens=java.base/java.net=ALL-UNNAMED --add-opens=java.base/java.util.concurrent.atomic=ALL-UNNAMED -Xmx2048m -Dfile.encoding=UTF-8 -Duser.country=FR -Duser.language=fr -Duser.variant 
java_command: org.gradle.launcher.daemon.bootstrap.GradleDaemon 7.2
java_class_path (initial): D:\etudes\gradle\wrapper\dists\gradle-7.2-bin\2dnblmf4td7x66yl1d74lt32g\gradle-7.2\lib\gradle-launcher-7.2.jar
Launcher Type: SUN_STANDARD

[Global flags]
     intx CICompilerCount                          = 3                                         {product} {ergonomic}
     uint ConcGCThreads                            = 1                                         {product} {ergonomic}
     uint G1ConcRefinementThreads                  = 4                                         {product} {ergonomic}
   size_t G1HeapRegionSize                         = 1048576                                   {product} {ergonomic}
    uintx GCDrainStackTargetSize                   = 64                                        {product} {ergonomic}
   size_t InitialHeapSize                          = 62914560                                  {product} {ergonomic}
   size_t MarkStackSize                            = 4194304                                   {product} {ergonomic}
   size_t MaxHeapSize                              = 2147483648                                {product} {command line}
   size_t MaxNewSize                               = 1287651328                                {product} {ergonomic}
   size_t MinHeapDeltaBytes                        = 1048576                                   {product} {ergonomic}
    uintx NonNMethodCodeHeapSize                   = 5830732                                {pd product} {ergonomic}
    uintx NonProfiledCodeHeapSize                  = 122913754                              {pd product} {ergonomic}
    uintx ProfiledCodeHeapSize                     = 122913754                              {pd product} {ergonomic}
    uintx ReservedCodeCacheSize                    = 251658240                              {pd product} {ergonomic}
     bool SegmentedCodeCache                       = true                                      {product} {ergonomic}
     bool UseCompressedClassPointers               = true                                 {lp64_product} {ergonomic}
     bool UseCompressedOops                        = true                                 {lp64_product} {ergonomic}
     bool UseG1GC                                  = true                                      {product} {ergonomic}
     bool UseLargePagesIndividualAllocation        = false                                  {pd product} {ergonomic}

Logging:
Log output configuration:
 #0: stdout all=warning uptime,level,tags
 #1: stderr all=off uptime,level,tags

Environment Variables:
JAVA_HOME=C:\Program Files (x86)\Java\jdk1.8.0_201
JRE_HOME=C:\Program Files (x86)\Java\jre1.8.0_201
CLASSPATH=.;D:\etudes\apache-tomcat-7.0.96\lib\servlet-api.jar
PATH=D:\app\LENOVO\virtual\product\12.2.0\dbhome_1\bin;C:\oraclexe\app\oracle\product\11.2.0\server\bin;C:\oraclexe\app\oracle\product\11.2.0\server\bin;C:\Program Files (x86)\Common Files\Oracle\Java\javapath;C:\WINDOWS\system32;C:\WINDOWS;C:\WINDOWS\System32\Wbem;C:\WINDOWS\System32\WindowsPowerShell\v1.0\;C:\Program Files\Intel\WiFi\bin\;C:\Program Files\Common Files\Intel\WirelessCommon\;C:\WINDOWS\System32\OpenSSH\;C:\Program Files (x86)\Java\jdk1.8.0_201\bin;D:\etudes\wamp64\bin\php\php7.2.18;D:\etudes\wamp64\bin\mysql\mysql5.7.26\bin;D:\etudes\wamp64\bin\apache\apache2.4.39\bin;C:\Program Files (x86)\Microsoft SQL Server\100\Tools\Binn\;C:\Program Files\Microsoft SQL Server\100\Tools\Binn\;C:\Program Files\Microsoft SQL Server\100\DTS\Binn\;C:\Program Files\PostgreSQL\11\bin;C:\Program Files\MongoDB\Server\4.4\bin;C:\Program Files\nodejs\;C:\Program Files\Git\cmd;C:\Users\LENOVO\AppData\Roaming\Microsoft\Windows\Start Menu\Programs\Python 3.8;C:\Users\LENOVO\AppData\Local\Microsoft\WindowsApps;C:\Program Files\Intel\WiFi\bin\;C:\Program Files\Common Files\Intel\WirelessCommon\;C:\Users\LENOVO\AppData\Local\GitHubDesktop\bin;C:\Users\LENOVO\AppData\Roaming\npm;C:\Program Files\heroku\bin
USERNAME=LENOVO
OS=Windows_NT
PROCESSOR_IDENTIFIER=Intel64 Family 6 Model 69 Stepping 1, GenuineIntel



---------------  S Y S T E M  ---------------

OS: Windows 10 , 64 bit Build 19041 (10.0.19041.1023)
OS uptime: 0 days 13:08 hours

CPU:total 4 (initial active 4) (2 cores per cpu, 2 threads per core) family 6 model 69 stepping 1 microcode 0x26, cmov, cx8, fxsr, mmx, sse, sse2, sse3, ssse3, sse4.1, sse4.2, popcnt, avx, avx2, aes, clmul, erms, lzcnt, ht, tsc, tscinvbit, bmi1, bmi2, fma

Memory: 4k page, system-wide physical 3798M (200M free)
TotalPageFile size 10083M (AvailPageFile size 4M)
current process WorkingSet (physical memory assigned to process): 189M, peak: 419M
current process commit charge ("private bytes"): 567M, peak: 568M

vm_info: OpenJDK 64-Bit Server VM (11.0.11+9-b60-7590822) for windows-amd64 JRE (11.0.11+9-b60-7590822), built on Jul 29 2021 21:43:44 by "builder" with MS VC++ 14.0 (VS2015)

END.
